[INFO ] 2025-12-31 12:25:25.978 [main] Log4jManager - Successfully Initiated Chrome Driver
[INFO ] 2025-12-31 12:27:21.438 [main] Log4jManager - Successfully Initiated Chrome Driver
[INFO ] 2025-12-31 12:30:49.469 [main] Log4jManager - Successfully Initiated Chrome Driver
[INFO ] 2025-12-31 12:40:57.478 [main] Log4jManager - Successfully Initiated Chrome Driver
[INFO ] 2025-12-31 12:41:00.891 [main] Log4jManager - waited for 2 seconds
[INFO ] 2025-12-31 12:41:00.892 [main] Log4jManager - User click Add Class Button
[INFO ] 2025-12-31 12:41:02.525 [main] Log4jManager - waited for 1 seconds
[INFO ] 2025-12-31 12:41:02.526 [main] Log4jManager - User clicked Effect Demo button
[INFO ] 2025-12-31 12:41:03.549 [main] Log4jManager - waited for 1 seconds
[INFO ] 2025-12-31 12:41:03.550 [main] Log4jManager - Driver switched to iframe driver
[INFO ] 2025-12-31 12:41:08.843 [main] Log4jManager - waited for 5 seconds
[INFO ] 2025-12-31 12:41:08.844 [main] Log4jManager - User select one of the effect from dropdown options
[INFO ] 2025-12-31 12:41:09.951 [main] Log4jManager - waited for 1 seconds
[INFO ] 2025-12-31 12:41:09.953 [main] Log4jManager - User click Run Effect Button
[INFO ] 2025-12-31 12:41:33.137 [main] Log4jManager - Successfully Initiated Chrome Driver
[INFO ] 2025-12-31 12:41:36.549 [main] Log4jManager - waited for 2 seconds
[INFO ] 2025-12-31 12:41:36.551 [main] Log4jManager - User click Color Animation Button
[INFO ] 2025-12-31 12:41:37.580 [main] Log4jManager - waited for 1 seconds
[INFO ] 2025-12-31 12:41:37.581 [main] Log4jManager - Driver switched to iframe driver
[INFO ] 2025-12-31 12:41:38.675 [main] Log4jManager - waited for 1 seconds
[INFO ] 2025-12-31 12:41:38.676 [main] Log4jManager - User clicked Toggle Effect Button
[INFO ] 2025-12-31 12:41:41.709 [main] Log4jManager - waited for 3 seconds
[INFO ] 2025-12-31 12:41:41.715 [main] Log4jManager - verifying actual attribute: background-color: rgb(170, 0, 0); color: rgb(255, 255, 255); width: 500px; with expected attribute: background-color: rgb(170, 0, 0); color: rgb(255, 255, 255); width: 500px;
[INFO ] 2025-12-31 12:46:00.269 [main] Log4jManager - Successfully Initiated Chrome Driver
[INFO ] 2025-12-31 12:46:03.766 [main] Log4jManager - waited for 2 seconds
[INFO ] 2025-12-31 12:46:03.768 [main] Log4jManager - User click Color Animation Button
[INFO ] 2025-12-31 12:46:04.801 [main] Log4jManager - waited for 1 seconds
[INFO ] 2025-12-31 12:46:04.802 [main] Log4jManager - Driver switched to iframe driver
[INFO ] 2025-12-31 12:46:05.902 [main] Log4jManager - waited for 1 seconds
[INFO ] 2025-12-31 12:46:05.903 [main] Log4jManager - User clicked Toggle Effect Button
[INFO ] 2025-12-31 12:46:08.940 [main] Log4jManager - waited for 3 seconds
[INFO ] 2025-12-31 12:46:08.945 [main] Log4jManager - verifying actual attribute: background-color: rgb(170, 0, 0); color: rgb(255, 255, 255); width: 500px; with expected attribute: background-color: rgb(170, 0, 0); color: rgb(255, 255, 255); width: 500px;
[INFO ] 2025-12-31 12:47:03.568 [main] Log4jManager - Successfully Initiated Chrome Driver
[INFO ] 2025-12-31 12:47:06.665 [main] Log4jManager - waited for 2 seconds
[INFO ] 2025-12-31 12:47:06.666 [main] Log4jManager - User click Color Animation Button
[INFO ] 2025-12-31 12:47:07.703 [main] Log4jManager - waited for 1 seconds
[INFO ] 2025-12-31 12:47:07.703 [main] Log4jManager - Driver switched to iframe driver
[INFO ] 2025-12-31 12:47:08.800 [main] Log4jManager - waited for 1 seconds
[INFO ] 2025-12-31 12:47:08.801 [main] Log4jManager - User clicked Toggle Effect Button
[INFO ] 2025-12-31 12:47:11.837 [main] Log4jManager - waited for 3 seconds
[INFO ] 2025-12-31 12:47:11.844 [main] Log4jManager - verifying actual attribute: background-color: rgb(170, 0, 0); color: rgb(255, 255, 255); width: 500px; with expected attribute: background-color: rgb(170, 0, 0); color: rgb(255, 255, 255); width: 500px;
[INFO ] 2025-12-31 12:47:35.615 [main] Log4jManager - Successfully Initiated Chrome Driver
[INFO ] 2025-12-31 12:47:38.418 [main] Log4jManager - waited for 2 seconds
[INFO ] 2025-12-31 12:47:38.418 [main] Log4jManager - User click Color Animation Button
[INFO ] 2025-12-31 12:47:39.454 [main] Log4jManager - waited for 1 seconds
[INFO ] 2025-12-31 12:47:39.455 [main] Log4jManager - Driver switched to iframe driver
[INFO ] 2025-12-31 12:47:40.559 [main] Log4jManager - waited for 1 seconds
[INFO ] 2025-12-31 12:47:40.560 [main] Log4jManager - User clicked Toggle Effect Button
[INFO ] 2025-12-31 12:47:43.589 [main] Log4jManager - waited for 3 seconds
[INFO ] 2025-12-31 12:47:43.595 [main] Log4jManager - verifying actual attribute: background-color: rgb(170, 0, 0); color: rgb(255, 255, 255); width: 500px; with expected attribute: background-color: rgb(170, 0, 0); color: rgb(255, 255, 255); width: 500px;
[INFO ] 2025-12-31 13:15:42.159 [main] Log4jManager - Successfully Initiated Chrome Driver
[INFO ] 2025-12-31 13:15:42.159 [main] Log4jManager - Successfully Initiated Chrome Driver
[INFO ] 2025-12-31 13:15:42.546 [main] Log4jManager - Test Case: TestCase01 on [DragAndDropTest passed=0 failed=0 skipped=0] Started
[INFO ] 2025-12-31 13:15:42.742 [main] Log4jManager - Test Case: TestCase06 on [AutocompleteTest passed=0 failed=0 skipped=0] Started
[INFO ] 2025-12-31 13:15:45.588 [main] Log4jManager - waited for 2 seconds
[INFO ] 2025-12-31 13:15:45.590 [main] Log4jManager - User click Autocomplete Button
[INFO ] 2025-12-31 13:15:45.719 [main] Log4jManager - waited for 2 seconds
[INFO ] 2025-12-31 13:15:45.720 [main] Log4jManager - User click Droppable Button
[INFO ] 2025-12-31 13:15:46.638 [main] Log4jManager - waited for 1 seconds
[INFO ] 2025-12-31 13:15:46.638 [main] Log4jManager - Driver switched to iframe driver
[INFO ] 2025-12-31 13:15:46.744 [main] Log4jManager - waited for 1 seconds
[INFO ] 2025-12-31 13:15:46.744 [main] Log4jManager - driver switched to iframe driver
[INFO ] 2025-12-31 13:15:49.159 [main] Log4jManager - waited for 2 seconds
[INFO ] 2025-12-31 13:15:49.160 [main] Log4jManager - User draged the box to the target box
[INFO ] 2025-12-31 13:15:49.334 [main] Log4jManager - waited for 2 seconds
[INFO ] 2025-12-31 13:15:49.336 [main] Log4jManager - User clicked auto displayed option
[INFO ] 2025-12-31 13:15:52.373 [main] Log4jManager - waited for 3 seconds
[INFO ] 2025-12-31 13:15:52.376 [main] Log4jManager - verifying actual attribute: ui-id-2 with expected attribute: ui-id-2
[INFO ] 2025-12-31 13:15:52.378 [main] Log4jManager - Test Case: TestCase06 on [AutocompleteTest passed=0 failed=0 skipped=0] Passed
[INFO ] 2025-12-31 13:15:53.875 [main] Log4jManager - Successfully Initiated Chrome Driver
[INFO ] 2025-12-31 13:15:56.833 [main] Log4jManager - Test Case: TestCase07 on [CheckBoxRadioTest passed=0 failed=0 skipped=0] Started
[INFO ] 2025-12-31 13:16:01.517 [main] Log4jManager - waited for 2 seconds
[INFO ] 2025-12-31 13:16:01.519 [main] Log4jManager - User click Checkboxradio Button
[INFO ] 2025-12-31 13:16:02.549 [main] Log4jManager - waited for 1 seconds
[INFO ] 2025-12-31 13:16:02.550 [main] Log4jManager - Driver switched to iframe driver
[INFO ] 2025-12-31 13:16:03.583 [main] Log4jManager - waited for 1 seconds
[INFO ] 2025-12-31 13:16:03.585 [main] Log4jManager - User scrolled down the selection section
[INFO ] 2025-12-31 13:16:04.686 [main] Log4jManager - waited for 1 seconds
[INFO ] 2025-12-31 13:16:04.687 [main] Log4jManager - User clicked the location of the hotel
[INFO ] 2025-12-31 13:16:05.786 [main] Log4jManager - waited for 1 seconds
[INFO ] 2025-12-31 13:16:05.787 [main] Log4jManager - User clicked the rating of the hotel
[INFO ] 2025-12-31 13:16:07.881 [main] Log4jManager - waited for 2 seconds
[INFO ] 2025-12-31 13:16:08.974 [main] Log4jManager - waited for 1 seconds
[INFO ] 2025-12-31 13:16:08.974 [main] Log4jManager - User clicked multiple options for bed type
[INFO ] 2025-12-31 13:16:12.005 [main] Log4jManager - waited for 3 seconds
[INFO ] 2025-12-31 13:16:12.007 [main] Log4jManager - verifying actual attribute: ui-checkboxradio-icon ui-corner-all ui-icon ui-icon-background ui-icon-blank with expected attribute: ui-checkboxradio-icon ui-corner-all ui-icon ui-icon-background ui-icon-blank
[INFO ] 2025-12-31 13:16:12.008 [main] Log4jManager - Test Case: TestCase07 on [CheckBoxRadioTest passed=0 failed=0 skipped=0] Passed
[INFO ] 2025-12-31 13:16:13.209 [main] Log4jManager - Successfully Initiated Chrome Driver
[INFO ] 2025-12-31 13:16:13.551 [main] Log4jManager - Test Case: TestCase05 on [SortingAccordionSectionsTest passed=0 failed=0 skipped=0] Started
[INFO ] 2025-12-31 13:16:16.292 [main] Log4jManager - waited for 2 seconds
[INFO ] 2025-12-31 13:16:16.293 [main] Log4jManager - User click Accordion Button
[INFO ] 2025-12-31 13:16:18.364 [main] Log4jManager - waited for 2 seconds
[INFO ] 2025-12-31 13:16:18.366 [main] Log4jManager - User cliked Sortable Button
[ERROR] 2025-12-31 13:16:19.263 [main] Log4jManager - While asserting the actual and expected value, error appeared inBy.id: //p[text()='Dropped!']Dropped!
[INFO ] 2025-12-31 13:16:19.265 [main] Log4jManager - Verified theBy.id: //p[text()='Dropped!'] with Dropped!
[INFO ] 2025-12-31 13:16:19.269 [main] Log4jManager - Test Case: TestCase01 on [DragAndDropTest passed=0 failed=0 skipped=0] Passed
[INFO ] 2025-12-31 13:16:19.384 [main] Log4jManager - waited for 1 seconds
[INFO ] 2025-12-31 13:16:19.385 [main] Log4jManager - Driver switched to iframe driver
[INFO ] 2025-12-31 13:16:20.542 [main] Log4jManager - Successfully Initiated Chrome Driver
[INFO ] 2025-12-31 13:16:20.874 [main] Log4jManager - Test Case: TestCase02 on [ResizeSelectItemTest passed=0 failed=0 skipped=0] Started
[INFO ] 2025-12-31 13:16:21.661 [main] Log4jManager - waited for 2 seconds
[INFO ] 2025-12-31 13:16:21.663 [main] Log4jManager - User dragged the selected sections to target area
[INFO ] 2025-12-31 13:16:21.703 [main] Log4jManager - verify the actual section: Section 2with expected section: Section 2
[INFO ] 2025-12-31 13:16:21.703 [main] Log4jManager - Test Case: TestCase05 on [SortingAccordionSectionsTest passed=0 failed=0 skipped=0] Passed
[INFO ] 2025-12-31 13:16:23.624 [main] Log4jManager - waited for 2 seconds
[INFO ] 2025-12-31 13:16:23.625 [main] Log4jManager - User click Resizable Button
[INFO ] 2025-12-31 13:16:24.312 [main] Log4jManager - Successfully Initiated Chrome Driver
[INFO ] 2025-12-31 13:16:24.638 [main] Log4jManager - Test Case: TestCase09 on [MenuDropdownTest passed=0 failed=0 skipped=0] Started
[INFO ] 2025-12-31 13:16:24.723 [main] Log4jManager - waited for 1 seconds
[INFO ] 2025-12-31 13:16:24.723 [main] Log4jManager - driver switched to iframe driver
[INFO ] 2025-12-31 13:16:27.584 [main] Log4jManager - waited for 2 seconds
[INFO ] 2025-12-31 13:16:27.587 [main] Log4jManager - User click Menu Button
[INFO ] 2025-12-31 13:16:28.642 [main] Log4jManager - waited for 1 seconds
[INFO ] 2025-12-31 13:16:28.643 [main] Log4jManager - Driver switched to iframe driver
[INFO ] 2025-12-31 13:16:29.500 [main] Log4jManager - waited for 1 seconds
[INFO ] 2025-12-31 13:16:29.502 [main] Log4jManager - User resized the selected box
[INFO ] 2025-12-31 13:16:29.545 [main] Log4jManager - verifying actual attribute: width: 250px; height: 250px; with expected attribute: width: 250px; height: 250px;
[INFO ] 2025-12-31 13:16:29.545 [main] Log4jManager - Test Case: TestCase02 on [ResizeSelectItemTest passed=0 failed=0 skipped=0] Passed
[INFO ] 2025-12-31 13:16:30.836 [main] Log4jManager - waited for 2 seconds
[INFO ] 2025-12-31 13:16:30.836 [main] Log4jManager - User selected speed option by value
[INFO ] 2025-12-31 13:16:31.083 [main] Log4jManager - Successfully Initiated Chrome Driver
[INFO ] 2025-12-31 13:16:31.538 [main] Log4jManager - Test Case: TestCase03 on [SelectItemTest passed=0 failed=0 skipped=0] Started
[INFO ] 2025-12-31 13:16:33.182 [main] Log4jManager - waited for 2 seconds
[INFO ] 2025-12-31 13:16:33.185 [main] Log4jManager - User selected file option by value
[INFO ] 2025-12-31 13:16:34.425 [main] Log4jManager - waited for 2 seconds
[INFO ] 2025-12-31 13:16:34.426 [main] Log4jManager - User click Selectable Button
[INFO ] 2025-12-31 13:16:35.459 [main] Log4jManager - waited for 2 seconds
[INFO ] 2025-12-31 13:16:35.460 [main] Log4jManager - User selected number option by value
[INFO ] 2025-12-31 13:16:36.507 [main] Log4jManager - waited for 2 seconds
[INFO ] 2025-12-31 13:16:36.508 [main] Log4jManager - User cliked Serialize Button
[INFO ] 2025-12-31 13:16:37.523 [main] Log4jManager - waited for 1 seconds
[INFO ] 2025-12-31 13:16:37.524 [main] Log4jManager - Driver switched to iframe driver
[INFO ] 2025-12-31 13:16:37.749 [main] Log4jManager - waited for 2 seconds
[INFO ] 2025-12-31 13:16:37.749 [main] Log4jManager - User selected Title option by value
[INFO ] 2025-12-31 13:16:39.845 [main] Log4jManager - waited for 2 seconds
[INFO ] 2025-12-31 13:16:39.846 [main] Log4jManager - User selected an item
[INFO ] 2025-12-31 13:16:39.878 [main] Log4jManager - Verified theBy.id: select-result with #2 #3 #4
[INFO ] 2025-12-31 13:16:39.878 [main] Log4jManager - Test Case: TestCase03 on [SelectItemTest passed=0 failed=0 skipped=0] Passed
[INFO ] 2025-12-31 13:16:40.772 [main] Log4jManager - waited for 3 seconds
[INFO ] 2025-12-31 13:16:40.775 [main] Log4jManager - verifying actual attribute: ui-id-2 with expected attribute: ui-id-2
[INFO ] 2025-12-31 13:16:40.776 [main] Log4jManager - Test Case: TestCase09 on [MenuDropdownTest passed=0 failed=0 skipped=0] Passed
[INFO ] 2025-12-31 13:16:41.017 [main] Log4jManager - Successfully Initiated Chrome Driver
[INFO ] 2025-12-31 13:16:41.294 [main] Log4jManager - Test Case: TestCase04 on [SortItemsTest passed=0 failed=0 skipped=0] Started
[INFO ] 2025-12-31 13:16:41.977 [main] Log4jManager - Successfully Initiated Chrome Driver
[INFO ] 2025-12-31 13:16:42.266 [main] Log4jManager - Test Case: TestCase08 on [PickDateTest passed=0 failed=0 skipped=0] Started
[INFO ] 2025-12-31 13:16:44.168 [main] Log4jManager - waited for 2 seconds
[INFO ] 2025-12-31 13:16:44.170 [main] Log4jManager - User click Sortable Button
[INFO ] 2025-12-31 13:16:45.045 [main] Log4jManager - waited for 2 seconds
[INFO ] 2025-12-31 13:16:45.046 [main] Log4jManager - User click DatePicker Button
[INFO ] 2025-12-31 13:16:45.203 [main] Log4jManager - waited for 1 seconds
[INFO ] 2025-12-31 13:16:45.204 [main] Log4jManager - Driver switched to iframe driver
[INFO ] 2025-12-31 13:16:46.074 [main] Log4jManager - waited for 1 seconds
[INFO ] 2025-12-31 13:16:46.075 [main] Log4jManager - Driver switched to iframe driver
[INFO ] 2025-12-31 13:16:47.167 [main] Log4jManager - waited for 1 seconds
[INFO ] 2025-12-31 13:16:50.508 [main] Log4jManager - waited for 5 seconds
[INFO ] 2025-12-31 13:16:50.508 [main] Log4jManager - User sort the list of item
[INFO ] 2025-12-31 13:16:50.536 [main] Log4jManager - verify the actual item: Item 1with expected item: Item 1
[INFO ] 2025-12-31 13:16:50.536 [main] Log4jManager - Test Case: TestCase04 on [SortItemsTest passed=0 failed=0 skipped=0] Passed
[INFO ] 2025-12-31 13:17:19.225 [main] Log4jManager - waited for 2 seconds
[INFO ] 2025-12-31 13:17:19.227 [main] Log4jManager - User picked a date from calendar
[INFO ] 2025-12-31 13:17:19.234 [main] Log4jManager - Test Case: TestCase08 on [PickDateTest passed=0 failed=0 skipped=0] Passed
[INFO ] 2025-12-31 13:19:05.577 [main] Log4jManager - Successfully Initiated Chrome Driver
[INFO ] 2025-12-31 13:19:05.577 [main] Log4jManager - Successfully Initiated Chrome Driver
[INFO ] 2025-12-31 13:19:05.976 [main] Log4jManager - Test Case: TestCase06 on [AutocompleteTest passed=0 failed=0 skipped=0] Started
[INFO ] 2025-12-31 13:19:06.064 [main] Log4jManager - Test Case: TestCase01 on [DragAndDropTest passed=0 failed=0 skipped=0] Started
[INFO ] 2025-12-31 13:19:08.962 [main] Log4jManager - waited for 2 seconds
[INFO ] 2025-12-31 13:19:08.962 [main] Log4jManager - waited for 2 seconds
[INFO ] 2025-12-31 13:19:08.963 [main] Log4jManager - User click Autocomplete Button
[INFO ] 2025-12-31 13:19:08.963 [main] Log4jManager - User click Droppable Button
[INFO ] 2025-12-31 13:19:09.995 [main] Log4jManager - waited for 1 seconds
[INFO ] 2025-12-31 13:19:09.996 [main] Log4jManager - driver switched to iframe driver
[INFO ] 2025-12-31 13:19:10.006 [main] Log4jManager - waited for 1 seconds
[INFO ] 2025-12-31 13:19:10.007 [main] Log4jManager - Driver switched to iframe driver
[INFO ] 2025-12-31 13:19:12.426 [main] Log4jManager - waited for 2 seconds
[INFO ] 2025-12-31 13:19:12.428 [main] Log4jManager - User draged the box to the target box
[ERROR] 2025-12-31 13:19:40.619 [main] Log4jManager - error appeared while clicking the auto complete options
[ERROR] 2025-12-31 13:19:42.514 [main] Log4jManager - While asserting the actual and expected value, error appeared inBy.id: //p[text()='Dropped!']Dropped!
[INFO ] 2025-12-31 13:19:42.514 [main] Log4jManager - Verified theBy.id: //p[text()='Dropped!'] with Dropped!
[INFO ] 2025-12-31 13:19:42.520 [main] Log4jManager - Test Case: TestCase01 on [DragAndDropTest passed=0 failed=0 skipped=0] Passed
[INFO ] 2025-12-31 13:19:42.626 [main] Log4jManager - waited for 2 seconds
[INFO ] 2025-12-31 13:19:42.626 [main] Log4jManager - User clicked auto displayed option
[INFO ] 2025-12-31 13:19:43.958 [main] Log4jManager - Successfully Initiated Chrome Driver
[INFO ] 2025-12-31 13:19:44.425 [main] Log4jManager - Test Case: TestCase02 on [ResizeSelectItemTest passed=0 failed=0 skipped=0] Started
[INFO ] 2025-12-31 13:19:45.655 [main] Log4jManager - waited for 3 seconds
[INFO ] 2025-12-31 13:19:45.678 [main] Log4jManager - verifying actual attribute: ui-id-2 with expected attribute: ui-id-2
[INFO ] 2025-12-31 13:19:45.686 [main] Log4jManager - Test Case: TestCase06 on [AutocompleteTest passed=0 failed=0 skipped=0] Passed
[INFO ] 2025-12-31 13:19:47.297 [main] Log4jManager - waited for 2 seconds
[INFO ] 2025-12-31 13:19:47.299 [main] Log4jManager - User click Resizable Button
[INFO ] 2025-12-31 13:19:47.391 [main] Log4jManager - Successfully Initiated Chrome Driver
[INFO ] 2025-12-31 13:19:47.714 [main] Log4jManager - Test Case: TestCase07 on [CheckBoxRadioTest passed=0 failed=0 skipped=0] Started
[INFO ] 2025-12-31 13:19:48.345 [main] Log4jManager - waited for 1 seconds
[INFO ] 2025-12-31 13:19:48.347 [main] Log4jManager - driver switched to iframe driver
[INFO ] 2025-12-31 13:19:50.534 [main] Log4jManager - waited for 2 seconds
[INFO ] 2025-12-31 13:19:50.536 [main] Log4jManager - User click Checkboxradio Button
[INFO ] 2025-12-31 13:19:51.566 [main] Log4jManager - waited for 1 seconds
[INFO ] 2025-12-31 13:19:51.567 [main] Log4jManager - Driver switched to iframe driver
[INFO ] 2025-12-31 13:19:52.603 [main] Log4jManager - waited for 1 seconds
[INFO ] 2025-12-31 13:19:52.604 [main] Log4jManager - User scrolled down the selection section
[INFO ] 2025-12-31 13:19:53.141 [main] Log4jManager - waited for 1 seconds
[INFO ] 2025-12-31 13:19:53.142 [main] Log4jManager - User resized the selected box
[INFO ] 2025-12-31 13:19:53.165 [main] Log4jManager - verifying actual attribute: width: 250px; height: 250px; with expected attribute: width: 250px; height: 250px;
[INFO ] 2025-12-31 13:19:53.165 [main] Log4jManager - Test Case: TestCase02 on [ResizeSelectItemTest passed=0 failed=0 skipped=0] Passed
[INFO ] 2025-12-31 13:19:53.705 [main] Log4jManager - waited for 1 seconds
[INFO ] 2025-12-31 13:19:53.705 [main] Log4jManager - User clicked the location of the hotel
[INFO ] 2025-12-31 13:19:53.973 [main] Log4jManager - Successfully Initiated Chrome Driver
[INFO ] 2025-12-31 13:19:54.194 [main] Log4jManager - Test Case: TestCase03 on [SelectItemTest passed=0 failed=0 skipped=0] Started
[INFO ] 2025-12-31 13:19:54.782 [main] Log4jManager - waited for 1 seconds
[INFO ] 2025-12-31 13:19:54.783 [main] Log4jManager - User clicked the rating of the hotel
[INFO ] 2025-12-31 13:19:56.802 [main] Log4jManager - waited for 2 seconds
[INFO ] 2025-12-31 13:19:56.806 [main] Log4jManager - User click Selectable Button
[INFO ] 2025-12-31 13:19:56.867 [main] Log4jManager - waited for 2 seconds
[INFO ] 2025-12-31 13:19:57.956 [main] Log4jManager - waited for 1 seconds
[INFO ] 2025-12-31 13:19:57.957 [main] Log4jManager - User clicked multiple options for bed type
[INFO ] 2025-12-31 13:19:58.895 [main] Log4jManager - waited for 2 seconds
[INFO ] 2025-12-31 13:19:58.895 [main] Log4jManager - User cliked Serialize Button
[INFO ] 2025-12-31 13:19:59.910 [main] Log4jManager - waited for 1 seconds
[INFO ] 2025-12-31 13:19:59.911 [main] Log4jManager - Driver switched to iframe driver
[INFO ] 2025-12-31 13:20:00.987 [main] Log4jManager - waited for 3 seconds
[INFO ] 2025-12-31 13:20:00.991 [main] Log4jManager - verifying actual attribute: ui-checkboxradio-icon ui-corner-all ui-icon ui-icon-background ui-icon-blank with expected attribute: ui-checkboxradio-icon ui-corner-all ui-icon ui-icon-background ui-icon-blank
[INFO ] 2025-12-31 13:20:00.993 [main] Log4jManager - Test Case: TestCase07 on [CheckBoxRadioTest passed=0 failed=0 skipped=0] Passed
[INFO ] 2025-12-31 13:20:01.914 [main] Log4jManager - Successfully Initiated Chrome Driver
[INFO ] 2025-12-31 13:20:02.202 [main] Log4jManager - waited for 2 seconds
[INFO ] 2025-12-31 13:20:02.205 [main] Log4jManager - User selected an item
[INFO ] 2025-12-31 13:20:02.239 [main] Log4jManager - Verified theBy.id: select-result with #2 #3 #4
[INFO ] 2025-12-31 13:20:02.241 [main] Log4jManager - Test Case: TestCase03 on [SelectItemTest passed=0 failed=0 skipped=0] Passed
[INFO ] 2025-12-31 13:20:02.315 [main] Log4jManager - Test Case: TestCase05 on [SortingAccordionSectionsTest passed=0 failed=0 skipped=0] Started
[INFO ] 2025-12-31 13:20:03.528 [main] Log4jManager - Successfully Initiated Chrome Driver
[INFO ] 2025-12-31 13:20:03.855 [main] Log4jManager - Test Case: TestCase04 on [SortItemsTest passed=0 failed=0 skipped=0] Started
[INFO ] 2025-12-31 13:20:05.357 [main] Log4jManager - waited for 2 seconds
[INFO ] 2025-12-31 13:20:05.361 [main] Log4jManager - User click Accordion Button
[INFO ] 2025-12-31 13:20:06.621 [main] Log4jManager - waited for 2 seconds
[INFO ] 2025-12-31 13:20:06.623 [main] Log4jManager - User click Sortable Button
[INFO ] 2025-12-31 13:20:07.441 [main] Log4jManager - waited for 2 seconds
[INFO ] 2025-12-31 13:20:07.442 [main] Log4jManager - User cliked Sortable Button
[INFO ] 2025-12-31 13:20:07.648 [main] Log4jManager - waited for 1 seconds
[INFO ] 2025-12-31 13:20:07.649 [main] Log4jManager - Driver switched to iframe driver
[INFO ] 2025-12-31 13:20:08.461 [main] Log4jManager - waited for 1 seconds
[INFO ] 2025-12-31 13:20:08.461 [main] Log4jManager - Driver switched to iframe driver
[INFO ] 2025-12-31 13:20:10.768 [main] Log4jManager - waited for 2 seconds
[INFO ] 2025-12-31 13:20:10.769 [main] Log4jManager - User dragged the selected sections to target area
[INFO ] 2025-12-31 13:20:10.800 [main] Log4jManager - verify the actual section: Section 2with expected section: Section 2
[INFO ] 2025-12-31 13:20:10.800 [main] Log4jManager - Test Case: TestCase05 on [SortingAccordionSectionsTest passed=0 failed=0 skipped=0] Passed
[INFO ] 2025-12-31 13:20:12.955 [main] Log4jManager - waited for 5 seconds
[INFO ] 2025-12-31 13:20:12.958 [main] Log4jManager - User sort the list of item
[INFO ] 2025-12-31 13:20:13.001 [main] Log4jManager - verify the actual item: Item 1with expected item: Item 1
[INFO ] 2025-12-31 13:20:13.002 [main] Log4jManager - Test Case: TestCase04 on [SortItemsTest passed=0 failed=0 skipped=0] Passed
[INFO ] 2025-12-31 13:20:13.349 [main] Log4jManager - Successfully Initiated Chrome Driver
[INFO ] 2025-12-31 13:20:13.718 [main] Log4jManager - Test Case: TestCase09 on [MenuDropdownTest passed=0 failed=0 skipped=0] Started
[INFO ] 2025-12-31 13:20:16.592 [main] Log4jManager - waited for 2 seconds
[INFO ] 2025-12-31 13:20:16.595 [main] Log4jManager - User click Menu Button
[INFO ] 2025-12-31 13:20:17.644 [main] Log4jManager - waited for 1 seconds
[INFO ] 2025-12-31 13:20:17.645 [main] Log4jManager - Driver switched to iframe driver
[INFO ] 2025-12-31 13:20:19.835 [main] Log4jManager - waited for 2 seconds
[INFO ] 2025-12-31 13:20:19.836 [main] Log4jManager - User selected speed option by value
[INFO ] 2025-12-31 13:20:22.040 [main] Log4jManager - waited for 2 seconds
[INFO ] 2025-12-31 13:20:22.041 [main] Log4jManager - User selected file option by value
[INFO ] 2025-12-31 13:20:24.313 [main] Log4jManager - waited for 2 seconds
[INFO ] 2025-12-31 13:20:24.315 [main] Log4jManager - User selected number option by value
[INFO ] 2025-12-31 13:20:26.590 [main] Log4jManager - waited for 2 seconds
[INFO ] 2025-12-31 13:20:26.591 [main] Log4jManager - User selected Title option by value
[INFO ] 2025-12-31 13:20:29.627 [main] Log4jManager - waited for 3 seconds
[INFO ] 2025-12-31 13:20:29.629 [main] Log4jManager - verifying actual attribute: ui-id-2 with expected attribute: ui-id-2
[INFO ] 2025-12-31 13:20:29.630 [main] Log4jManager - Test Case: TestCase09 on [MenuDropdownTest passed=0 failed=0 skipped=0] Passed
[INFO ] 2025-12-31 13:20:30.569 [main] Log4jManager - Successfully Initiated Chrome Driver
[INFO ] 2025-12-31 13:20:30.979 [main] Log4jManager - Test Case: TestCase08 on [PickDateTest passed=0 failed=0 skipped=0] Started
[INFO ] 2025-12-31 13:20:33.813 [main] Log4jManager - waited for 2 seconds
[INFO ] 2025-12-31 13:20:33.814 [main] Log4jManager - User click DatePicker Button
[INFO ] 2025-12-31 13:20:34.832 [main] Log4jManager - waited for 1 seconds
[INFO ] 2025-12-31 13:20:34.834 [main] Log4jManager - Driver switched to iframe driver
[INFO ] 2025-12-31 13:20:35.951 [main] Log4jManager - waited for 1 seconds
[INFO ] 2025-12-31 13:21:08.022 [main] Log4jManager - waited for 2 seconds
[INFO ] 2025-12-31 13:21:08.025 [main] Log4jManager - User picked a date from calendar
[INFO ] 2025-12-31 13:21:08.028 [main] Log4jManager - Test Case: TestCase08 on [PickDateTest passed=0 failed=0 skipped=0] Passed
[INFO ] 2025-12-31 13:29:13.863 [main] Log4jManager - Successfully Initiated Chrome Driver
[INFO ] 2025-12-31 13:29:13.866 [main] Log4jManager - Successfully Initiated Chrome Driver
[INFO ] 2025-12-31 13:29:14.245 [main] Log4jManager - Test Case: TestCase06 on [AutocompleteTest passed=0 failed=0 skipped=0] Started
[INFO ] 2025-12-31 13:29:14.295 [main] Log4jManager - Test Case: TestCase01 on [DragAndDropTest passed=0 failed=0 skipped=0] Started
[INFO ] 2025-12-31 13:29:17.201 [main] Log4jManager - waited for 2 seconds
[INFO ] 2025-12-31 13:29:17.201 [main] Log4jManager - waited for 2 seconds
[INFO ] 2025-12-31 13:29:17.204 [main] Log4jManager - User click Autocomplete Button
[INFO ] 2025-12-31 13:29:17.204 [main] Log4jManager - User click Droppable Button
[INFO ] 2025-12-31 13:29:18.245 [main] Log4jManager - waited for 1 seconds
[INFO ] 2025-12-31 13:29:18.246 [main] Log4jManager - driver switched to iframe driver
[INFO ] 2025-12-31 13:29:18.252 [main] Log4jManager - waited for 1 seconds
[INFO ] 2025-12-31 13:29:18.253 [main] Log4jManager - Driver switched to iframe driver
[INFO ] 2025-12-31 13:29:20.675 [main] Log4jManager - waited for 2 seconds
[INFO ] 2025-12-31 13:29:20.676 [main] Log4jManager - User draged the box to the target box
[INFO ] 2025-12-31 13:29:20.846 [main] Log4jManager - waited for 2 seconds
[INFO ] 2025-12-31 13:29:20.847 [main] Log4jManager - User clicked auto displayed option
[INFO ] 2025-12-31 13:29:23.880 [main] Log4jManager - waited for 3 seconds
[INFO ] 2025-12-31 13:29:23.887 [main] Log4jManager - verifying actual attribute: ui-id-2 with expected attribute: ui-id-2
[INFO ] 2025-12-31 13:29:23.891 [main] Log4jManager - Test Case: TestCase06 on [AutocompleteTest passed=0 failed=0 skipped=0] Passed
[INFO ] 2025-12-31 13:29:25.103 [main] Log4jManager - Successfully Initiated Chrome Driver
[INFO ] 2025-12-31 13:29:29.962 [main] Log4jManager - Test Case: TestCase07 on [CheckBoxRadioTest passed=0 failed=0 skipped=0] Started
[INFO ] 2025-12-31 13:29:33.535 [main] Log4jManager - waited for 2 seconds
[INFO ] 2025-12-31 13:29:33.536 [main] Log4jManager - User click Checkboxradio Button
[INFO ] 2025-12-31 13:29:34.561 [main] Log4jManager - waited for 1 seconds
[INFO ] 2025-12-31 13:29:34.562 [main] Log4jManager - Driver switched to iframe driver
[INFO ] 2025-12-31 13:29:35.599 [main] Log4jManager - waited for 1 seconds
[INFO ] 2025-12-31 13:29:35.599 [main] Log4jManager - User scrolled down the selection section
[INFO ] 2025-12-31 13:29:36.696 [main] Log4jManager - waited for 1 seconds
[INFO ] 2025-12-31 13:29:36.697 [main] Log4jManager - User clicked the location of the hotel
[INFO ] 2025-12-31 13:29:37.780 [main] Log4jManager - waited for 1 seconds
[INFO ] 2025-12-31 13:29:37.780 [main] Log4jManager - User clicked the rating of the hotel
[INFO ] 2025-12-31 13:29:39.868 [main] Log4jManager - waited for 2 seconds
[INFO ] 2025-12-31 13:29:40.955 [main] Log4jManager - waited for 1 seconds
[INFO ] 2025-12-31 13:29:40.956 [main] Log4jManager - User clicked multiple options for bed type
[INFO ] 2025-12-31 13:29:43.998 [main] Log4jManager - waited for 3 seconds
[INFO ] 2025-12-31 13:29:44.000 [main] Log4jManager - verifying actual attribute: ui-checkboxradio-icon ui-corner-all ui-icon ui-icon-background ui-icon-blank with expected attribute: ui-checkboxradio-icon ui-corner-all ui-icon ui-icon-background ui-icon-blank
[INFO ] 2025-12-31 13:29:44.001 [main] Log4jManager - Test Case: TestCase07 on [CheckBoxRadioTest passed=0 failed=0 skipped=0] Passed
[INFO ] 2025-12-31 13:29:45.094 [main] Log4jManager - Successfully Initiated Chrome Driver
[INFO ] 2025-12-31 13:29:45.577 [main] Log4jManager - Test Case: TestCase05 on [SortingAccordionSectionsTest passed=0 failed=0 skipped=0] Started
[INFO ] 2025-12-31 13:29:48.820 [main] Log4jManager - waited for 2 seconds
[INFO ] 2025-12-31 13:29:48.821 [main] Log4jManager - User click Accordion Button
[ERROR] 2025-12-31 13:29:50.715 [main] Log4jManager - While asserting the actual and expected value, error appeared inBy.id: //p[text()='Dropped!']Dropped!
[INFO ] 2025-12-31 13:29:50.716 [main] Log4jManager - Verified theBy.id: //p[text()='Dropped!'] with Dropped!
[INFO ] 2025-12-31 13:29:50.725 [main] Log4jManager - Test Case: TestCase01 on [DragAndDropTest passed=0 failed=0 skipped=0] Passed
[INFO ] 2025-12-31 13:29:50.884 [main] Log4jManager - waited for 2 seconds
[INFO ] 2025-12-31 13:29:50.884 [main] Log4jManager - User cliked Sortable Button
[INFO ] 2025-12-31 13:29:51.895 [main] Log4jManager - waited for 1 seconds
[INFO ] 2025-12-31 13:29:51.895 [main] Log4jManager - Driver switched to iframe driver
[INFO ] 2025-12-31 13:29:51.938 [main] Log4jManager - Successfully Initiated Chrome Driver
[INFO ] 2025-12-31 13:29:52.242 [main] Log4jManager - Test Case: TestCase02 on [ResizeSelectItemTest passed=0 failed=0 skipped=0] Started
[INFO ] 2025-12-31 13:29:54.188 [main] Log4jManager - waited for 2 seconds
[INFO ] 2025-12-31 13:29:54.189 [main] Log4jManager - User dragged the selected sections to target area
[INFO ] 2025-12-31 13:29:54.222 [main] Log4jManager - verify the actual section: Section 2with expected section: Section 2
[INFO ] 2025-12-31 13:29:54.223 [main] Log4jManager - Test Case: TestCase05 on [SortingAccordionSectionsTest passed=0 failed=0 skipped=0] Passed
[INFO ] 2025-12-31 13:29:54.980 [main] Log4jManager - waited for 2 seconds
[INFO ] 2025-12-31 13:29:54.980 [main] Log4jManager - User click Resizable Button
[INFO ] 2025-12-31 13:29:55.996 [main] Log4jManager - waited for 1 seconds
[INFO ] 2025-12-31 13:29:55.997 [main] Log4jManager - driver switched to iframe driver
[INFO ] 2025-12-31 13:30:00.787 [main] Log4jManager - waited for 1 seconds
[INFO ] 2025-12-31 13:30:00.788 [main] Log4jManager - User resized the selected box
[INFO ] 2025-12-31 13:30:00.823 [main] Log4jManager - verifying actual attribute: width: 250px; height: 250px; with expected attribute: width: 250px; height: 250px;
[INFO ] 2025-12-31 13:30:00.824 [main] Log4jManager - Test Case: TestCase02 on [ResizeSelectItemTest passed=0 failed=0 skipped=0] Passed
[INFO ] 2025-12-31 13:30:02.037 [main] Log4jManager - Successfully Initiated Chrome Driver
[INFO ] 2025-12-31 13:30:02.417 [main] Log4jManager - Test Case: TestCase03 on [SelectItemTest passed=0 failed=0 skipped=0] Started
[INFO ] 2025-12-31 13:30:05.194 [main] Log4jManager - waited for 2 seconds
[INFO ] 2025-12-31 13:30:05.195 [main] Log4jManager - User click Selectable Button
[INFO ] 2025-12-31 13:30:07.271 [main] Log4jManager - waited for 2 seconds
[INFO ] 2025-12-31 13:30:07.272 [main] Log4jManager - User cliked Serialize Button
[INFO ] 2025-12-31 13:30:08.294 [main] Log4jManager - waited for 1 seconds
[INFO ] 2025-12-31 13:30:08.294 [main] Log4jManager - Driver switched to iframe driver
[INFO ] 2025-12-31 13:30:10.570 [main] Log4jManager - waited for 2 seconds
[INFO ] 2025-12-31 13:30:10.571 [main] Log4jManager - User selected an item
[INFO ] 2025-12-31 13:30:10.602 [main] Log4jManager - Verified theBy.id: select-result with #2 #3 #4
[INFO ] 2025-12-31 13:30:10.603 [main] Log4jManager - Test Case: TestCase03 on [SelectItemTest passed=0 failed=0 skipped=0] Passed
[INFO ] 2025-12-31 13:30:11.639 [main] Log4jManager - Successfully Initiated Chrome Driver
[INFO ] 2025-12-31 13:30:11.951 [main] Log4jManager - Test Case: TestCase04 on [SortItemsTest passed=0 failed=0 skipped=0] Started
[INFO ] 2025-12-31 13:30:14.772 [main] Log4jManager - waited for 2 seconds
[INFO ] 2025-12-31 13:30:14.773 [main] Log4jManager - User click Sortable Button
[INFO ] 2025-12-31 13:30:15.799 [main] Log4jManager - waited for 1 seconds
[INFO ] 2025-12-31 13:30:15.800 [main] Log4jManager - Driver switched to iframe driver
[INFO ] 2025-12-31 13:30:21.097 [main] Log4jManager - waited for 5 seconds
[INFO ] 2025-12-31 13:30:21.098 [main] Log4jManager - User sort the list of item
[INFO ] 2025-12-31 13:30:21.128 [main] Log4jManager - verify the actual item: Item 1with expected item: Item 1
[INFO ] 2025-12-31 13:30:21.128 [main] Log4jManager - Test Case: TestCase04 on [SortItemsTest passed=0 failed=0 skipped=0] Passed
[INFO ] 2025-12-31 13:35:10.000 [main] Log4jManager - Successfully Initiated Chrome Driver
[INFO ] 2025-12-31 13:35:10.000 [main] Log4jManager - Successfully Initiated Chrome Driver
[INFO ] 2025-12-31 13:35:10.602 [main] Log4jManager - Test Case: TestCase01 on [DragAndDropTest passed=0 failed=0 skipped=0] Started
[INFO ] 2025-12-31 13:35:10.602 [main] Log4jManager - Test Case: TestCase06 on [AutocompleteTest passed=0 failed=0 skipped=0] Started
[INFO ] 2025-12-31 13:35:13.577 [main] Log4jManager - waited for 2 seconds
[INFO ] 2025-12-31 13:35:13.578 [main] Log4jManager - User click Droppable Button
[INFO ] 2025-12-31 13:35:13.736 [main] Log4jManager - waited for 2 seconds
[INFO ] 2025-12-31 13:35:13.737 [main] Log4jManager - User click Autocomplete Button
[INFO ] 2025-12-31 13:35:14.611 [main] Log4jManager - waited for 1 seconds
[INFO ] 2025-12-31 13:35:14.612 [main] Log4jManager - driver switched to iframe driver
[INFO ] 2025-12-31 13:35:14.777 [main] Log4jManager - waited for 1 seconds
[INFO ] 2025-12-31 13:35:14.777 [main] Log4jManager - Driver switched to iframe driver
[INFO ] 2025-12-31 13:35:17.025 [main] Log4jManager - waited for 2 seconds
[INFO ] 2025-12-31 13:35:17.026 [main] Log4jManager - User draged the box to the target box
[INFO ] 2025-12-31 13:35:17.355 [main] Log4jManager - waited for 2 seconds
[INFO ] 2025-12-31 13:35:17.355 [main] Log4jManager - User clicked auto displayed option
[INFO ] 2025-12-31 13:35:20.385 [main] Log4jManager - waited for 3 seconds
[INFO ] 2025-12-31 13:35:20.388 [main] Log4jManager - verifying actual attribute: ui-id-2 with expected attribute: ui-id-2
[INFO ] 2025-12-31 13:35:20.392 [main] Log4jManager - Test Case: TestCase06 on [AutocompleteTest passed=0 failed=0 skipped=0] Passed
[INFO ] 2025-12-31 13:35:21.841 [main] Log4jManager - Successfully Initiated Chrome Driver
[INFO ] 2025-12-31 13:35:22.262 [main] Log4jManager - Test Case: TestCase07 on [CheckBoxRadioTest passed=0 failed=0 skipped=0] Started
[INFO ] 2025-12-31 13:35:27.335 [main] Log4jManager - waited for 2 seconds
[INFO ] 2025-12-31 13:35:27.337 [main] Log4jManager - User click Checkboxradio Button
[INFO ] 2025-12-31 13:35:28.364 [main] Log4jManager - waited for 1 seconds
[INFO ] 2025-12-31 13:35:28.365 [main] Log4jManager - Driver switched to iframe driver
[INFO ] 2025-12-31 13:35:29.400 [main] Log4jManager - waited for 1 seconds
[INFO ] 2025-12-31 13:35:29.401 [main] Log4jManager - User scrolled down the selection section
[INFO ] 2025-12-31 13:35:30.497 [main] Log4jManager - waited for 1 seconds
[INFO ] 2025-12-31 13:35:30.498 [main] Log4jManager - User clicked the location of the hotel
[INFO ] 2025-12-31 13:35:31.595 [main] Log4jManager - waited for 1 seconds
[INFO ] 2025-12-31 13:35:31.595 [main] Log4jManager - User clicked the rating of the hotel
[INFO ] 2025-12-31 13:35:33.666 [main] Log4jManager - waited for 2 seconds
[INFO ] 2025-12-31 13:35:34.760 [main] Log4jManager - waited for 1 seconds
[INFO ] 2025-12-31 13:35:34.760 [main] Log4jManager - User clicked multiple options for bed type
[INFO ] 2025-12-31 13:35:37.777 [main] Log4jManager - waited for 3 seconds
[INFO ] 2025-12-31 13:35:37.780 [main] Log4jManager - verifying actual attribute: ui-checkboxradio-icon ui-corner-all ui-icon ui-icon-background ui-icon-blank with expected attribute: ui-checkboxradio-icon ui-corner-all ui-icon ui-icon-background ui-icon-blank
[INFO ] 2025-12-31 13:35:37.782 [main] Log4jManager - Test Case: TestCase07 on [CheckBoxRadioTest passed=0 failed=0 skipped=0] Passed
[INFO ] 2025-12-31 13:35:39.277 [main] Log4jManager - Successfully Initiated Chrome Driver
[INFO ] 2025-12-31 13:35:39.648 [main] Log4jManager - Test Case: TestCase05 on [SortingAccordionSectionsTest passed=0 failed=0 skipped=0] Started
[INFO ] 2025-12-31 13:35:42.582 [main] Log4jManager - waited for 2 seconds
[INFO ] 2025-12-31 13:35:42.583 [main] Log4jManager - User click Accordion Button
[INFO ] 2025-12-31 13:35:44.657 [main] Log4jManager - waited for 2 seconds
[INFO ] 2025-12-31 13:35:44.658 [main] Log4jManager - User cliked Sortable Button
[INFO ] 2025-12-31 13:35:45.678 [main] Log4jManager - waited for 1 seconds
[INFO ] 2025-12-31 13:35:45.679 [main] Log4jManager - Driver switched to iframe driver
[ERROR] 2025-12-31 13:35:47.079 [main] Log4jManager - While asserting the actual and expected value, error appeared inBy.id: //p[text()='Dropped!']Dropped!
[INFO ] 2025-12-31 13:35:47.080 [main] Log4jManager - Verified theBy.id: //p[text()='Dropped!'] with Dropped!
[INFO ] 2025-12-31 13:35:47.086 [main] Log4jManager - Test Case: TestCase01 on [DragAndDropTest passed=0 failed=0 skipped=0] Passed
[INFO ] 2025-12-31 13:35:47.989 [main] Log4jManager - waited for 2 seconds
[INFO ] 2025-12-31 13:35:47.992 [main] Log4jManager - User dragged the selected sections to target area
[INFO ] 2025-12-31 13:35:48.040 [main] Log4jManager - verify the actual section: Section 2with expected section: Section 2
[INFO ] 2025-12-31 13:35:48.041 [main] Log4jManager - Test Case: TestCase05 on [SortingAccordionSectionsTest passed=0 failed=0 skipped=0] Passed
[INFO ] 2025-12-31 13:35:48.532 [main] Log4jManager - Successfully Initiated Chrome Driver
[INFO ] 2025-12-31 13:35:48.870 [main] Log4jManager - Test Case: TestCase02 on [ResizeSelectItemTest passed=0 failed=0 skipped=0] Started
[INFO ] 2025-12-31 13:35:51.680 [main] Log4jManager - waited for 2 seconds
[INFO ] 2025-12-31 13:35:51.681 [main] Log4jManager - User click Resizable Button
[INFO ] 2025-12-31 13:35:52.715 [main] Log4jManager - waited for 1 seconds
[INFO ] 2025-12-31 13:35:52.716 [main] Log4jManager - driver switched to iframe driver
[INFO ] 2025-12-31 13:35:57.512 [main] Log4jManager - waited for 1 seconds
[INFO ] 2025-12-31 13:35:57.513 [main] Log4jManager - User resized the selected box
[INFO ] 2025-12-31 13:35:57.552 [main] Log4jManager - verifying actual attribute: width: 250px; height: 250px; with expected attribute: width: 250px; height: 250px;
[INFO ] 2025-12-31 13:35:57.553 [main] Log4jManager - Test Case: TestCase02 on [ResizeSelectItemTest passed=0 failed=0 skipped=0] Passed
[INFO ] 2025-12-31 13:35:58.859 [main] Log4jManager - Successfully Initiated Chrome Driver
[INFO ] 2025-12-31 13:35:59.314 [main] Log4jManager - Test Case: TestCase03 on [SelectItemTest passed=0 failed=0 skipped=0] Started
[INFO ] 2025-12-31 13:36:01.858 [main] Log4jManager - waited for 2 seconds
[INFO ] 2025-12-31 13:36:01.860 [main] Log4jManager - User click Selectable Button
[INFO ] 2025-12-31 13:36:03.956 [main] Log4jManager - waited for 2 seconds
[INFO ] 2025-12-31 13:36:03.957 [main] Log4jManager - User cliked Serialize Button
[INFO ] 2025-12-31 13:36:04.979 [main] Log4jManager - waited for 1 seconds
[INFO ] 2025-12-31 13:36:04.979 [main] Log4jManager - Driver switched to iframe driver
[INFO ] 2025-12-31 13:36:07.283 [main] Log4jManager - waited for 2 seconds
[INFO ] 2025-12-31 13:36:07.285 [main] Log4jManager - User selected an item
[INFO ] 2025-12-31 13:36:07.328 [main] Log4jManager - Verified theBy.id: select-result with #2 #3 #4
[INFO ] 2025-12-31 13:36:07.328 [main] Log4jManager - Test Case: TestCase03 on [SelectItemTest passed=0 failed=0 skipped=0] Passed
[INFO ] 2025-12-31 13:36:08.152 [main] Log4jManager - Successfully Initiated Chrome Driver
[INFO ] 2025-12-31 13:36:08.496 [main] Log4jManager - Test Case: TestCase04 on [SortItemsTest passed=0 failed=0 skipped=0] Started
[INFO ] 2025-12-31 13:36:11.250 [main] Log4jManager - waited for 2 seconds
[INFO ] 2025-12-31 13:36:11.250 [main] Log4jManager - User click Sortable Button
[INFO ] 2025-12-31 13:36:12.271 [main] Log4jManager - waited for 1 seconds
[INFO ] 2025-12-31 13:36:12.272 [main] Log4jManager - Driver switched to iframe driver
[INFO ] 2025-12-31 13:36:17.574 [main] Log4jManager - waited for 5 seconds
[INFO ] 2025-12-31 13:36:17.575 [main] Log4jManager - User sort the list of item
[INFO ] 2025-12-31 13:36:17.607 [main] Log4jManager - verify the actual item: Item 1with expected item: Item 1
[INFO ] 2025-12-31 13:36:17.608 [main] Log4jManager - Test Case: TestCase04 on [SortItemsTest passed=0 failed=0 skipped=0] Passed
[INFO ] 2025-12-31 13:42:03.820 [main] Log4jManager - Test Case: TestCase06 on [AutocompleteTest passed=0 failed=0 skipped=0] Started
[INFO ] 2025-12-31 13:42:03.820 [main] Log4jManager - Test Case: TestCase06 on [AutocompleteTest passed=0 failed=0 skipped=0] Skipped
[INFO ] 2025-12-31 13:42:03.820 [main] Log4jManager - Test Case: TestCase01 on [DragAndDropTest passed=0 failed=0 skipped=0] Started
[INFO ] 2025-12-31 13:42:03.821 [main] Log4jManager - Test Case: TestCase01 on [DragAndDropTest passed=0 failed=0 skipped=0] Skipped
[INFO ] 2025-12-31 13:42:03.821 [main] Log4jManager - Test Case: TestCase06 on [AutocompleteTest passed=0 failed=0 skipped=0] Failed
[INFO ] 2025-12-31 13:42:03.822 [main] Log4jManager - Test Case: TestCase01 on [DragAndDropTest passed=0 failed=0 skipped=0] Failed
[INFO ] 2025-12-31 13:45:10.399 [main] Log4jManager - Test Case: TestCase01 on [DragAndDropTest passed=0 failed=0 skipped=0] on [com.automation.jQuery.tests.regression.interactionsModuleTests.DragAndDropTest] Started
[INFO ] 2025-12-31 13:45:10.400 [main] Log4jManager - Test Case: TestCase01 on [DragAndDropTest passed=0 failed=0 skipped=0] on [com.automation.jQuery.tests.regression.interactionsModuleTests.DragAndDropTest] Skipped
[INFO ] 2025-12-31 13:45:10.401 [main] Log4jManager - Test Case: TestCase06 on [AutocompleteTest passed=0 failed=0 skipped=0] on [com.automation.jQuery.tests.regression.widgetsModulePtOneTests.AutocompleteTest] Started
[INFO ] 2025-12-31 13:45:10.402 [main] Log4jManager - Test Case: TestCase06 on [AutocompleteTest passed=0 failed=0 skipped=0] on [com.automation.jQuery.tests.regression.widgetsModulePtOneTests.AutocompleteTest] Skipped
[INFO ] 2025-12-31 13:45:10.404 [main] Log4jManager - Test Case: TestCase02 on [ResizeSelectItemTest passed=0 failed=0 skipped=0] on [com.automation.jQuery.tests.regression.interactionsModuleTests.ResizeSelectItemTest] Started
[INFO ] 2025-12-31 13:45:10.405 [main] Log4jManager - Test Case: TestCase02 on [ResizeSelectItemTest passed=0 failed=0 skipped=0] on [com.automation.jQuery.tests.regression.interactionsModuleTests.ResizeSelectItemTest] Skipped
[INFO ] 2025-12-31 13:45:10.405 [main] Log4jManager - Test Case: TestCase07 on [CheckBoxRadioTest passed=0 failed=0 skipped=0] on [com.automation.jQuery.tests.regression.widgetsModulePtOneTests.CheckBoxRadioTest] Started
[INFO ] 2025-12-31 13:45:10.405 [main] Log4jManager - Test Case: TestCase07 on [CheckBoxRadioTest passed=0 failed=0 skipped=0] on [com.automation.jQuery.tests.regression.widgetsModulePtOneTests.CheckBoxRadioTest] Skipped
[INFO ] 2025-12-31 13:45:10.406 [main] Log4jManager - Test Case: TestCase03 on [SelectItemTest passed=0 failed=0 skipped=0] on [com.automation.jQuery.tests.regression.interactionsModuleTests.SelectItemTest] Started
[INFO ] 2025-12-31 13:45:10.406 [main] Log4jManager - Test Case: TestCase03 on [SelectItemTest passed=0 failed=0 skipped=0] on [com.automation.jQuery.tests.regression.interactionsModuleTests.SelectItemTest] Skipped
[INFO ] 2025-12-31 13:45:10.408 [main] Log4jManager - Test Case: TestCase05 on [SortingAccordionSectionsTest passed=0 failed=0 skipped=0] on [com.automation.jQuery.tests.regression.widgetsModulePtOneTests.SortingAccordionSectionsTest] Started
[INFO ] 2025-12-31 13:45:10.409 [main] Log4jManager - Test Case: TestCase05 on [SortingAccordionSectionsTest passed=0 failed=0 skipped=0] on [com.automation.jQuery.tests.regression.widgetsModulePtOneTests.SortingAccordionSectionsTest] Skipped
[INFO ] 2025-12-31 13:45:10.409 [main] Log4jManager - Test Case: TestCase04 on [SortItemsTest passed=0 failed=0 skipped=0] on [com.automation.jQuery.tests.regression.interactionsModuleTests.SortItemsTest] Started
[INFO ] 2025-12-31 13:45:10.409 [main] Log4jManager - Test Case: TestCase04 on [SortItemsTest passed=0 failed=0 skipped=0] on [com.automation.jQuery.tests.regression.interactionsModuleTests.SortItemsTest] Skipped
[INFO ] 2025-12-31 13:47:11.502 [main] Log4jManager - Test Case: TestCase01 on [DragAndDropTest passed=0 failed=0 skipped=0] on [com.automation.jQuery.tests.regression.interactionsModuleTests.DragAndDropTest] Started
[INFO ] 2025-12-31 13:47:11.502 [main] Log4jManager - Test Case: TestCase06 on [AutocompleteTest passed=0 failed=0 skipped=0] on [com.automation.jQuery.tests.regression.widgetsModulePtOneTests.AutocompleteTest] Started
[INFO ] 2025-12-31 13:47:11.503 [main] Log4jManager - Test Case: TestCase01 on [DragAndDropTest passed=0 failed=0 skipped=0] on [com.automation.jQuery.tests.regression.interactionsModuleTests.DragAndDropTest] Skipped
[INFO ] 2025-12-31 13:47:11.503 [main] Log4jManager - Test Case: TestCase06 on [AutocompleteTest passed=0 failed=0 skipped=0] on [com.automation.jQuery.tests.regression.widgetsModulePtOneTests.AutocompleteTest] Skipped
[INFO ] 2025-12-31 13:47:11.505 [main] Log4jManager - Test Case: TestCase02 on [ResizeSelectItemTest passed=0 failed=0 skipped=0] on [com.automation.jQuery.tests.regression.interactionsModuleTests.ResizeSelectItemTest] Started
[INFO ] 2025-12-31 13:47:11.505 [main] Log4jManager - Test Case: TestCase02 on [ResizeSelectItemTest passed=0 failed=0 skipped=0] on [com.automation.jQuery.tests.regression.interactionsModuleTests.ResizeSelectItemTest] Skipped
[INFO ] 2025-12-31 13:47:11.505 [main] Log4jManager - Test Case: TestCase07 on [CheckBoxRadioTest passed=0 failed=0 skipped=0] on [com.automation.jQuery.tests.regression.widgetsModulePtOneTests.CheckBoxRadioTest] Started
[INFO ] 2025-12-31 13:47:11.506 [main] Log4jManager - Test Case: TestCase07 on [CheckBoxRadioTest passed=0 failed=0 skipped=0] on [com.automation.jQuery.tests.regression.widgetsModulePtOneTests.CheckBoxRadioTest] Skipped
[INFO ] 2025-12-31 13:47:11.506 [main] Log4jManager - Test Case: TestCase03 on [SelectItemTest passed=0 failed=0 skipped=0] on [com.automation.jQuery.tests.regression.interactionsModuleTests.SelectItemTest] Started
[INFO ] 2025-12-31 13:47:11.506 [main] Log4jManager - Test Case: TestCase03 on [SelectItemTest passed=0 failed=0 skipped=0] on [com.automation.jQuery.tests.regression.interactionsModuleTests.SelectItemTest] Skipped
[INFO ] 2025-12-31 13:47:11.507 [main] Log4jManager - Test Case: TestCase05 on [SortingAccordionSectionsTest passed=0 failed=0 skipped=0] on [com.automation.jQuery.tests.regression.widgetsModulePtOneTests.SortingAccordionSectionsTest] Started
[INFO ] 2025-12-31 13:47:11.507 [main] Log4jManager - Test Case: TestCase05 on [SortingAccordionSectionsTest passed=0 failed=0 skipped=0] on [com.automation.jQuery.tests.regression.widgetsModulePtOneTests.SortingAccordionSectionsTest] Skipped
[INFO ] 2025-12-31 13:47:11.510 [main] Log4jManager - Test Case: TestCase04 on [SortItemsTest passed=0 failed=0 skipped=0] on [com.automation.jQuery.tests.regression.interactionsModuleTests.SortItemsTest] Started
[INFO ] 2025-12-31 13:47:11.510 [main] Log4jManager - Test Case: TestCase04 on [SortItemsTest passed=0 failed=0 skipped=0] on [com.automation.jQuery.tests.regression.interactionsModuleTests.SortItemsTest] Skipped
[INFO ] 2025-12-31 13:47:16.694 [main] Log4jManager - Test Case: TestCase06 on [AutocompleteTest passed=0 failed=0 skipped=0] on [com.automation.jQuery.tests.regression.widgetsModulePtOneTests.AutocompleteTest] Started
[INFO ] 2025-12-31 13:47:16.694 [main] Log4jManager - Test Case: TestCase06 on [AutocompleteTest passed=0 failed=0 skipped=0] on [com.automation.jQuery.tests.regression.widgetsModulePtOneTests.AutocompleteTest] Skipped
[INFO ] 2025-12-31 13:47:16.697 [main] Log4jManager - Test Case: TestCase07 on [CheckBoxRadioTest passed=0 failed=0 skipped=0] on [com.automation.jQuery.tests.regression.widgetsModulePtOneTests.CheckBoxRadioTest] Started
[INFO ] 2025-12-31 13:47:16.697 [main] Log4jManager - Test Case: TestCase07 on [CheckBoxRadioTest passed=0 failed=0 skipped=0] on [com.automation.jQuery.tests.regression.widgetsModulePtOneTests.CheckBoxRadioTest] Skipped
[INFO ] 2025-12-31 13:47:16.699 [main] Log4jManager - Test Case: TestCase05 on [SortingAccordionSectionsTest passed=0 failed=0 skipped=0] on [com.automation.jQuery.tests.regression.widgetsModulePtOneTests.SortingAccordionSectionsTest] Started
[INFO ] 2025-12-31 13:47:16.699 [main] Log4jManager - Test Case: TestCase05 on [SortingAccordionSectionsTest passed=0 failed=0 skipped=0] on [com.automation.jQuery.tests.regression.widgetsModulePtOneTests.SortingAccordionSectionsTest] Skipped
[INFO ] 2025-12-31 13:47:16.701 [main] Log4jManager - Test Case: TestCase01 on [DragAndDropTest passed=0 failed=0 skipped=0] on [com.automation.jQuery.tests.regression.interactionsModuleTests.DragAndDropTest] Started
[INFO ] 2025-12-31 13:47:16.701 [main] Log4jManager - Test Case: TestCase01 on [DragAndDropTest passed=0 failed=0 skipped=0] on [com.automation.jQuery.tests.regression.interactionsModuleTests.DragAndDropTest] Skipped
[INFO ] 2025-12-31 13:47:16.704 [main] Log4jManager - Test Case: TestCase02 on [ResizeSelectItemTest passed=0 failed=0 skipped=0] on [com.automation.jQuery.tests.regression.interactionsModuleTests.ResizeSelectItemTest] Started
[INFO ] 2025-12-31 13:47:16.704 [main] Log4jManager - Test Case: TestCase02 on [ResizeSelectItemTest passed=0 failed=0 skipped=0] on [com.automation.jQuery.tests.regression.interactionsModuleTests.ResizeSelectItemTest] Skipped
[INFO ] 2025-12-31 13:47:16.705 [main] Log4jManager - Test Case: TestCase03 on [SelectItemTest passed=0 failed=0 skipped=0] on [com.automation.jQuery.tests.regression.interactionsModuleTests.SelectItemTest] Started
[INFO ] 2025-12-31 13:47:16.706 [main] Log4jManager - Test Case: TestCase03 on [SelectItemTest passed=0 failed=0 skipped=0] on [com.automation.jQuery.tests.regression.interactionsModuleTests.SelectItemTest] Skipped
[INFO ] 2025-12-31 13:47:16.707 [main] Log4jManager - Test Case: TestCase04 on [SortItemsTest passed=0 failed=0 skipped=0] on [com.automation.jQuery.tests.regression.interactionsModuleTests.SortItemsTest] Started
[INFO ] 2025-12-31 13:47:16.707 [main] Log4jManager - Test Case: TestCase04 on [SortItemsTest passed=0 failed=0 skipped=0] on [com.automation.jQuery.tests.regression.interactionsModuleTests.SortItemsTest] Skipped
[INFO ] 2025-12-31 13:47:52.032 [main] Log4jManager - Successfully Initiated Chrome Driver
[INFO ] 2025-12-31 13:47:52.032 [main] Log4jManager - Successfully Initiated Chrome Driver
[INFO ] 2025-12-31 13:47:52.510 [main] Log4jManager - Test Case: TestCase01 on [DragAndDropTest passed=0 failed=0 skipped=0] on [com.automation.jQuery.tests.regression.interactionsModuleTests.DragAndDropTest] Started
[INFO ] 2025-12-31 13:47:52.851 [main] Log4jManager - Test Case: TestCase06 on [AutocompleteTest passed=0 failed=0 skipped=0] on [com.automation.jQuery.tests.regression.widgetsModulePtOneTests.AutocompleteTest] Started
[INFO ] 2025-12-31 13:47:55.673 [main] Log4jManager - waited for 2 seconds
[INFO ] 2025-12-31 13:47:55.674 [main] Log4jManager - User click Droppable Button
[INFO ] 2025-12-31 13:47:55.694 [main] Log4jManager - waited for 2 seconds
[INFO ] 2025-12-31 13:47:55.694 [main] Log4jManager - User click Autocomplete Button
[INFO ] 2025-12-31 13:47:56.707 [main] Log4jManager - waited for 1 seconds
[INFO ] 2025-12-31 13:47:56.708 [main] Log4jManager - driver switched to iframe driver
[INFO ] 2025-12-31 13:47:56.721 [main] Log4jManager - waited for 1 seconds
[INFO ] 2025-12-31 13:47:56.721 [main] Log4jManager - Driver switched to iframe driver
[INFO ] 2025-12-31 13:47:59.128 [main] Log4jManager - waited for 2 seconds
[INFO ] 2025-12-31 13:47:59.130 [main] Log4jManager - User draged the box to the target box
[INFO ] 2025-12-31 13:47:59.298 [main] Log4jManager - waited for 2 seconds
[INFO ] 2025-12-31 13:47:59.299 [main] Log4jManager - User clicked auto displayed option
[INFO ] 2025-12-31 13:48:02.332 [main] Log4jManager - waited for 3 seconds
[INFO ] 2025-12-31 13:48:02.339 [main] Log4jManager - verifying actual attribute: ui-id-2 with expected attribute: ui-id-2
[INFO ] 2025-12-31 13:48:02.341 [main] Log4jManager - Test Case: TestCase06 on [AutocompleteTest passed=0 failed=0 skipped=0] on [com.automation.jQuery.tests.regression.widgetsModulePtOneTests.AutocompleteTest] Passed
[INFO ] 2025-12-31 13:48:03.610 [main] Log4jManager - Successfully Initiated Chrome Driver
[INFO ] 2025-12-31 13:48:05.258 [main] Log4jManager - Test Case: TestCase07 on [CheckBoxRadioTest passed=0 failed=0 skipped=0] on [com.automation.jQuery.tests.regression.widgetsModulePtOneTests.CheckBoxRadioTest] Started
[INFO ] 2025-12-31 13:48:11.220 [main] Log4jManager - waited for 2 seconds
[INFO ] 2025-12-31 13:48:11.222 [main] Log4jManager - User click Checkboxradio Button
[INFO ] 2025-12-31 13:48:12.244 [main] Log4jManager - waited for 1 seconds
[INFO ] 2025-12-31 13:48:12.245 [main] Log4jManager - Driver switched to iframe driver
[INFO ] 2025-12-31 13:48:13.282 [main] Log4jManager - waited for 1 seconds
[INFO ] 2025-12-31 13:48:13.283 [main] Log4jManager - User scrolled down the selection section
[INFO ] 2025-12-31 13:48:14.384 [main] Log4jManager - waited for 1 seconds
[INFO ] 2025-12-31 13:48:14.384 [main] Log4jManager - User clicked the location of the hotel
[INFO ] 2025-12-31 13:48:15.476 [main] Log4jManager - waited for 1 seconds
[INFO ] 2025-12-31 13:48:15.477 [main] Log4jManager - User clicked the rating of the hotel
[INFO ] 2025-12-31 13:48:17.553 [main] Log4jManager - waited for 2 seconds
[INFO ] 2025-12-31 13:48:18.648 [main] Log4jManager - waited for 1 seconds
[INFO ] 2025-12-31 13:48:18.649 [main] Log4jManager - User clicked multiple options for bed type
[INFO ] 2025-12-31 13:48:21.674 [main] Log4jManager - waited for 3 seconds
[INFO ] 2025-12-31 13:48:21.676 [main] Log4jManager - verifying actual attribute: ui-checkboxradio-icon ui-corner-all ui-icon ui-icon-background ui-icon-blank with expected attribute: ui-checkboxradio-icon ui-corner-all ui-icon ui-icon-background ui-icon-blank
[INFO ] 2025-12-31 13:48:21.678 [main] Log4jManager - Test Case: TestCase07 on [CheckBoxRadioTest passed=0 failed=0 skipped=0] on [com.automation.jQuery.tests.regression.widgetsModulePtOneTests.CheckBoxRadioTest] Passed
[INFO ] 2025-12-31 13:48:22.493 [main] Log4jManager - Successfully Initiated Chrome Driver
[INFO ] 2025-12-31 13:48:22.822 [main] Log4jManager - Test Case: TestCase05 on [SortingAccordionSectionsTest passed=0 failed=0 skipped=0] on [com.automation.jQuery.tests.regression.widgetsModulePtOneTests.SortingAccordionSectionsTest] Started
[INFO ] 2025-12-31 13:48:25.590 [main] Log4jManager - waited for 2 seconds
[INFO ] 2025-12-31 13:48:25.593 [main] Log4jManager - User click Accordion Button
[INFO ] 2025-12-31 13:48:27.660 [main] Log4jManager - waited for 2 seconds
[INFO ] 2025-12-31 13:48:27.661 [main] Log4jManager - User cliked Sortable Button
[INFO ] 2025-12-31 13:48:28.685 [main] Log4jManager - waited for 1 seconds
[INFO ] 2025-12-31 13:48:28.686 [main] Log4jManager - Driver switched to iframe driver
[ERROR] 2025-12-31 13:48:29.193 [main] Log4jManager - While asserting the actual and expected value, error appeared inBy.id: //p[text()='Dropped!']Dropped!
[INFO ] 2025-12-31 13:48:29.194 [main] Log4jManager - Verified theBy.id: //p[text()='Dropped!'] with Dropped!
[INFO ] 2025-12-31 13:48:29.198 [main] Log4jManager - Test Case: TestCase01 on [DragAndDropTest passed=0 failed=0 skipped=0] on [com.automation.jQuery.tests.regression.interactionsModuleTests.DragAndDropTest] Passed
[INFO ] 2025-12-31 13:48:30.075 [main] Log4jManager - Successfully Initiated Chrome Driver
[INFO ] 2025-12-31 13:48:30.646 [main] Log4jManager - Test Case: TestCase02 on [ResizeSelectItemTest passed=0 failed=0 skipped=0] on [com.automation.jQuery.tests.regression.interactionsModuleTests.ResizeSelectItemTest] Started
[INFO ] 2025-12-31 13:48:30.995 [main] Log4jManager - waited for 2 seconds
[INFO ] 2025-12-31 13:48:30.998 [main] Log4jManager - User dragged the selected sections to target area
[INFO ] 2025-12-31 13:48:31.035 [main] Log4jManager - verify the actual section: Section 2with expected section: Section 2
[INFO ] 2025-12-31 13:48:31.036 [main] Log4jManager - Test Case: TestCase05 on [SortingAccordionSectionsTest passed=0 failed=0 skipped=0] on [com.automation.jQuery.tests.regression.widgetsModulePtOneTests.SortingAccordionSectionsTest] Passed
[INFO ] 2025-12-31 13:48:33.370 [main] Log4jManager - waited for 2 seconds
[INFO ] 2025-12-31 13:48:33.373 [main] Log4jManager - User click Resizable Button
[INFO ] 2025-12-31 13:48:34.415 [main] Log4jManager - waited for 1 seconds
[INFO ] 2025-12-31 13:48:34.416 [main] Log4jManager - driver switched to iframe driver
[INFO ] 2025-12-31 13:48:39.206 [main] Log4jManager - waited for 1 seconds
[INFO ] 2025-12-31 13:48:39.207 [main] Log4jManager - User resized the selected box
[INFO ] 2025-12-31 13:48:39.234 [main] Log4jManager - verifying actual attribute: width: 250px; height: 250px; with expected attribute: width: 250px; height: 250px;
[INFO ] 2025-12-31 13:48:39.234 [main] Log4jManager - Test Case: TestCase02 on [ResizeSelectItemTest passed=0 failed=0 skipped=0] on [com.automation.jQuery.tests.regression.interactionsModuleTests.ResizeSelectItemTest] Passed
[INFO ] 2025-12-31 13:48:40.069 [main] Log4jManager - Successfully Initiated Chrome Driver
[INFO ] 2025-12-31 13:48:40.492 [main] Log4jManager - Test Case: TestCase03 on [SelectItemTest passed=0 failed=0 skipped=0] on [com.automation.jQuery.tests.regression.interactionsModuleTests.SelectItemTest] Started
[INFO ] 2025-12-31 13:48:43.197 [main] Log4jManager - waited for 2 seconds
[INFO ] 2025-12-31 13:48:43.198 [main] Log4jManager - User click Selectable Button
[INFO ] 2025-12-31 13:48:45.294 [main] Log4jManager - waited for 2 seconds
[INFO ] 2025-12-31 13:48:45.295 [main] Log4jManager - User cliked Serialize Button
[INFO ] 2025-12-31 13:48:46.317 [main] Log4jManager - waited for 1 seconds
[INFO ] 2025-12-31 13:48:46.319 [main] Log4jManager - Driver switched to iframe driver
[INFO ] 2025-12-31 13:48:48.628 [main] Log4jManager - waited for 2 seconds
[INFO ] 2025-12-31 13:48:48.629 [main] Log4jManager - User selected an item
[INFO ] 2025-12-31 13:48:48.657 [main] Log4jManager - Verified theBy.id: select-result with #2 #3 #4
[INFO ] 2025-12-31 13:48:48.658 [main] Log4jManager - Test Case: TestCase03 on [SelectItemTest passed=0 failed=0 skipped=0] on [com.automation.jQuery.tests.regression.interactionsModuleTests.SelectItemTest] Passed
[INFO ] 2025-12-31 13:48:49.767 [main] Log4jManager - Successfully Initiated Chrome Driver
[INFO ] 2025-12-31 13:48:50.442 [main] Log4jManager - Test Case: TestCase04 on [SortItemsTest passed=0 failed=0 skipped=0] on [com.automation.jQuery.tests.regression.interactionsModuleTests.SortItemsTest] Started
[INFO ] 2025-12-31 13:48:53.201 [main] Log4jManager - waited for 2 seconds
[INFO ] 2025-12-31 13:48:53.202 [main] Log4jManager - User click Sortable Button
[INFO ] 2025-12-31 13:48:54.226 [main] Log4jManager - waited for 1 seconds
[INFO ] 2025-12-31 13:48:54.227 [main] Log4jManager - Driver switched to iframe driver
[INFO ] 2025-12-31 13:48:59.528 [main] Log4jManager - waited for 5 seconds
[INFO ] 2025-12-31 13:48:59.530 [main] Log4jManager - User sort the list of item
[INFO ] 2025-12-31 13:48:59.563 [main] Log4jManager - verify the actual item: Item 1with expected item: Item 1
[INFO ] 2025-12-31 13:48:59.563 [main] Log4jManager - Test Case: TestCase04 on [SortItemsTest passed=0 failed=0 skipped=0] on [com.automation.jQuery.tests.regression.interactionsModuleTests.SortItemsTest] Passed
[INFO ] 2025-12-31 14:10:36.745 [main] Log4jManager - Successfully Initiated Chrome Driver
[INFO ] 2025-12-31 14:10:36.745 [main] Log4jManager - Successfully Initiated Chrome Driver
[INFO ] 2025-12-31 14:10:37.544 [main] Log4jManager - Test Case: TestCase06 on [AutocompleteTest passed=0 failed=0 skipped=0] on [com.automation.jQuery.tests.regression.widgetsModulePtOneTests.AutocompleteTest] Started
[INFO ] 2025-12-31 14:10:37.553 [main] Log4jManager - Test Case: TestCase01 on [DragAndDropTest passed=0 failed=0 skipped=0] on [com.automation.jQuery.tests.regression.interactionsModuleTests.DragAndDropTest] Started
[INFO ] 2025-12-31 14:10:40.650 [main] Log4jManager - waited for 2 seconds
[INFO ] 2025-12-31 14:10:40.652 [main] Log4jManager - User click Droppable Button
[INFO ] 2025-12-31 14:10:40.651 [main] Log4jManager - waited for 2 seconds
[INFO ] 2025-12-31 14:10:40.654 [main] Log4jManager - User click Autocomplete Button
[INFO ] 2025-12-31 14:10:41.709 [main] Log4jManager - waited for 1 seconds
[INFO ] 2025-12-31 14:10:41.710 [main] Log4jManager - driver switched to iframe driver
[INFO ] 2025-12-31 14:10:41.720 [main] Log4jManager - waited for 1 seconds
[INFO ] 2025-12-31 14:10:41.720 [main] Log4jManager - Driver switched to iframe driver
[INFO ] 2025-12-31 14:10:44.135 [main] Log4jManager - waited for 2 seconds
[INFO ] 2025-12-31 14:10:44.136 [main] Log4jManager - User draged the box to the target box
[INFO ] 2025-12-31 14:10:44.170 [main] Log4jManager - Verified theBy.xpath: //p[text()='Dropped!'] with Dropped!
[INFO ] 2025-12-31 14:10:44.172 [main] Log4jManager - Test Case: TestCase01 on [DragAndDropTest passed=0 failed=0 skipped=0] on [com.automation.jQuery.tests.regression.interactionsModuleTests.DragAndDropTest] Passed
[INFO ] 2025-12-31 14:10:44.317 [main] Log4jManager - waited for 2 seconds
[INFO ] 2025-12-31 14:10:44.317 [main] Log4jManager - User clicked auto displayed option
[INFO ] 2025-12-31 14:10:45.528 [main] Log4jManager - Successfully Initiated Chrome Driver
[INFO ] 2025-12-31 14:10:45.869 [main] Log4jManager - Test Case: TestCase02 on [ResizeSelectItemTest passed=0 failed=0 skipped=0] on [com.automation.jQuery.tests.regression.interactionsModuleTests.ResizeSelectItemTest] Started
[INFO ] 2025-12-31 14:10:45.876 [main] Log4jManager - Test Case: TestCase02 on [ResizeSelectItemTest passed=0 failed=0 skipped=0] on [com.automation.jQuery.tests.regression.interactionsModuleTests.ResizeSelectItemTest] Failed
[INFO ] 2025-12-31 14:10:47.342 [main] Log4jManager - waited for 3 seconds
[INFO ] 2025-12-31 14:10:47.348 [main] Log4jManager - verifying actual attribute: ui-id-2 with expected attribute: ui-id-2
[INFO ] 2025-12-31 14:10:47.350 [main] Log4jManager - Test Case: TestCase06 on [AutocompleteTest passed=0 failed=0 skipped=0] on [com.automation.jQuery.tests.regression.widgetsModulePtOneTests.AutocompleteTest] Passed
[INFO ] 2025-12-31 14:10:47.500 [main] Log4jManager - Successfully Initiated Chrome Driver
[INFO ] 2025-12-31 14:10:47.843 [main] Log4jManager - Test Case: TestCase03 on [SelectItemTest passed=0 failed=0 skipped=0] on [com.automation.jQuery.tests.regression.interactionsModuleTests.SelectItemTest] Started
[INFO ] 2025-12-31 14:10:47.855 [main] Log4jManager - Test Case: TestCase03 on [SelectItemTest passed=0 failed=0 skipped=0] on [com.automation.jQuery.tests.regression.interactionsModuleTests.SelectItemTest] Failed
[INFO ] 2025-12-31 14:10:48.850 [main] Log4jManager - Successfully Initiated Chrome Driver
[INFO ] 2025-12-31 14:10:49.279 [main] Log4jManager - Successfully Initiated Chrome Driver
[INFO ] 2025-12-31 14:10:49.386 [main] Log4jManager - Test Case: TestCase07 on [CheckBoxRadioTest passed=0 failed=0 skipped=0] on [com.automation.jQuery.tests.regression.widgetsModulePtOneTests.CheckBoxRadioTest] Started
[INFO ] 2025-12-31 14:10:49.403 [main] Log4jManager - Test Case: TestCase07 on [CheckBoxRadioTest passed=0 failed=0 skipped=0] on [com.automation.jQuery.tests.regression.widgetsModulePtOneTests.CheckBoxRadioTest] Failed
[INFO ] 2025-12-31 14:10:49.678 [main] Log4jManager - Test Case: TestCase04 on [SortItemsTest passed=0 failed=0 skipped=0] on [com.automation.jQuery.tests.regression.interactionsModuleTests.SortItemsTest] Started
[INFO ] 2025-12-31 14:10:49.706 [main] Log4jManager - Test Case: TestCase04 on [SortItemsTest passed=0 failed=0 skipped=0] on [com.automation.jQuery.tests.regression.interactionsModuleTests.SortItemsTest] Failed
[INFO ] 2025-12-31 14:10:50.907 [main] Log4jManager - Successfully Initiated Chrome Driver
[INFO ] 2025-12-31 14:10:51.126 [main] Log4jManager - Test Case: TestCase05 on [SortingAccordionSectionsTest passed=0 failed=0 skipped=0] on [com.automation.jQuery.tests.regression.widgetsModulePtOneTests.SortingAccordionSectionsTest] Started
[INFO ] 2025-12-31 14:10:51.131 [main] Log4jManager - Test Case: TestCase05 on [SortingAccordionSectionsTest passed=0 failed=0 skipped=0] on [com.automation.jQuery.tests.regression.widgetsModulePtOneTests.SortingAccordionSectionsTest] Failed
[INFO ] 2025-12-31 14:16:09.606 [main] Log4jManager - Successfully Initiated Chrome Driver
[INFO ] 2025-12-31 14:16:09.606 [main] Log4jManager - Successfully Initiated Chrome Driver
[INFO ] 2025-12-31 14:16:10.515 [main] Log4jManager - Test Case: TestCase01 on [DragAndDropTest passed=0 failed=0 skipped=0] Started
[INFO ] 2025-12-31 14:16:10.516 [main] Log4jManager - Test Case: TestCase06 on [AutocompleteTest passed=0 failed=0 skipped=0] Started
[INFO ] 2025-12-31 14:16:13.373 [main] Log4jManager - waited for 2 seconds
[INFO ] 2025-12-31 14:16:13.374 [main] Log4jManager - User click Droppable Button
[INFO ] 2025-12-31 14:16:13.386 [main] Log4jManager - waited for 2 seconds
[INFO ] 2025-12-31 14:16:13.387 [main] Log4jManager - User click Autocomplete Button
[INFO ] 2025-12-31 14:16:14.404 [main] Log4jManager - waited for 1 seconds
[INFO ] 2025-12-31 14:16:14.405 [main] Log4jManager - driver switched to iframe driver
[INFO ] 2025-12-31 14:16:14.421 [main] Log4jManager - waited for 1 seconds
[INFO ] 2025-12-31 14:16:14.422 [main] Log4jManager - Driver switched to iframe driver
[INFO ] 2025-12-31 14:16:16.818 [main] Log4jManager - waited for 2 seconds
[INFO ] 2025-12-31 14:16:16.820 [main] Log4jManager - User draged the box to the target box
[INFO ] 2025-12-31 14:16:16.853 [main] Log4jManager - Verified theBy.xpath: //p[text()='Dropped!'] with Dropped!
[INFO ] 2025-12-31 14:16:16.855 [main] Log4jManager - Test Case: TestCase01 on [DragAndDropTest passed=0 failed=0 skipped=0] Passed
[INFO ] 2025-12-31 14:16:16.991 [main] Log4jManager - waited for 2 seconds
[INFO ] 2025-12-31 14:16:16.991 [main] Log4jManager - User clicked auto displayed option
[INFO ] 2025-12-31 14:16:18.274 [main] Log4jManager - Successfully Initiated Chrome Driver
[INFO ] 2025-12-31 14:16:18.561 [main] Log4jManager - Test Case: TestCase02 on [ResizeSelectItemTest passed=0 failed=0 skipped=0] Started
[INFO ] 2025-12-31 14:16:20.012 [main] Log4jManager - waited for 3 seconds
[INFO ] 2025-12-31 14:16:20.015 [main] Log4jManager - verifying actual attribute: ui-id-2 with expected attribute: ui-id-2
[INFO ] 2025-12-31 14:16:20.016 [main] Log4jManager - Test Case: TestCase06 on [AutocompleteTest passed=0 failed=0 skipped=0] Passed
[INFO ] 2025-12-31 14:16:21.159 [main] Log4jManager - Successfully Initiated Chrome Driver
[INFO ] 2025-12-31 14:16:21.363 [main] Log4jManager - waited for 2 seconds
[INFO ] 2025-12-31 14:16:21.363 [main] Log4jManager - User click Resizable Button
[INFO ] 2025-12-31 14:16:21.492 [main] Log4jManager - Test Case: TestCase07 on [CheckBoxRadioTest passed=0 failed=0 skipped=0] Started
[INFO ] 2025-12-31 14:16:22.383 [main] Log4jManager - waited for 1 seconds
[INFO ] 2025-12-31 14:16:22.384 [main] Log4jManager - driver switched to iframe driver
[INFO ] 2025-12-31 14:16:24.399 [main] Log4jManager - waited for 2 seconds
[INFO ] 2025-12-31 14:16:24.401 [main] Log4jManager - User click Checkboxradio Button
[INFO ] 2025-12-31 14:16:25.434 [main] Log4jManager - waited for 1 seconds
[INFO ] 2025-12-31 14:16:25.435 [main] Log4jManager - Driver switched to iframe driver
[INFO ] 2025-12-31 14:16:26.470 [main] Log4jManager - waited for 1 seconds
[INFO ] 2025-12-31 14:16:26.471 [main] Log4jManager - User scrolled down the selection section
[INFO ] 2025-12-31 14:16:27.158 [main] Log4jManager - waited for 1 seconds
[INFO ] 2025-12-31 14:16:27.159 [main] Log4jManager - User resized the selected box
[INFO ] 2025-12-31 14:16:27.194 [main] Log4jManager - verifying actual attribute: width: 250px; height: 250px; with expected attribute: width: 250px; height: 250px;
[INFO ] 2025-12-31 14:16:27.195 [main] Log4jManager - Test Case: TestCase02 on [ResizeSelectItemTest passed=0 failed=0 skipped=0] Passed
[INFO ] 2025-12-31 14:16:27.582 [main] Log4jManager - waited for 1 seconds
[INFO ] 2025-12-31 14:16:27.584 [main] Log4jManager - User clicked the location of the hotel
[INFO ] 2025-12-31 14:16:28.343 [main] Log4jManager - Successfully Initiated Chrome Driver
[INFO ] 2025-12-31 14:16:28.646 [main] Log4jManager - Test Case: TestCase03 on [SelectItemTest passed=0 failed=0 skipped=0] Started
[INFO ] 2025-12-31 14:16:28.696 [main] Log4jManager - waited for 1 seconds
[INFO ] 2025-12-31 14:16:28.697 [main] Log4jManager - User clicked the rating of the hotel
[INFO ] 2025-12-31 14:16:30.785 [main] Log4jManager - waited for 2 seconds
[INFO ] 2025-12-31 14:16:31.279 [main] Log4jManager - waited for 2 seconds
[INFO ] 2025-12-31 14:16:31.280 [main] Log4jManager - User click Selectable Button
[INFO ] 2025-12-31 14:16:31.881 [main] Log4jManager - waited for 1 seconds
[INFO ] 2025-12-31 14:16:31.882 [main] Log4jManager - User clicked multiple options for bed type
[INFO ] 2025-12-31 14:16:33.363 [main] Log4jManager - waited for 2 seconds
[INFO ] 2025-12-31 14:16:33.363 [main] Log4jManager - User cliked Serialize Button
[INFO ] 2025-12-31 14:16:34.377 [main] Log4jManager - waited for 1 seconds
[INFO ] 2025-12-31 14:16:34.378 [main] Log4jManager - Driver switched to iframe driver
[INFO ] 2025-12-31 14:16:34.913 [main] Log4jManager - waited for 3 seconds
[INFO ] 2025-12-31 14:16:34.916 [main] Log4jManager - verifying actual attribute: ui-checkboxradio-icon ui-corner-all ui-icon ui-icon-background ui-icon-blank with expected attribute: ui-checkboxradio-icon ui-corner-all ui-icon ui-icon-background ui-icon-blank
[INFO ] 2025-12-31 14:16:34.919 [main] Log4jManager - Test Case: TestCase07 on [CheckBoxRadioTest passed=0 failed=0 skipped=0] Passed
[INFO ] 2025-12-31 14:16:36.006 [main] Log4jManager - Successfully Initiated Chrome Driver
[INFO ] 2025-12-31 14:16:36.303 [main] Log4jManager - Test Case: TestCase05 on [SortingAccordionSectionsTest passed=0 failed=0 skipped=0] Started
[INFO ] 2025-12-31 14:16:36.682 [main] Log4jManager - waited for 2 seconds
[INFO ] 2025-12-31 14:16:36.685 [main] Log4jManager - User selected an item
[INFO ] 2025-12-31 14:16:36.726 [main] Log4jManager - Verified theBy.id: select-result with #2 #3 #4
[INFO ] 2025-12-31 14:16:36.727 [main] Log4jManager - Test Case: TestCase03 on [SelectItemTest passed=0 failed=0 skipped=0] Passed
[INFO ] 2025-12-31 14:16:37.856 [main] Log4jManager - Successfully Initiated Chrome Driver
[INFO ] 2025-12-31 14:16:38.208 [main] Log4jManager - Test Case: TestCase04 on [SortItemsTest passed=0 failed=0 skipped=0] Started
[INFO ] 2025-12-31 14:16:39.075 [main] Log4jManager - waited for 2 seconds
[INFO ] 2025-12-31 14:16:39.080 [main] Log4jManager - User click Accordion Button
[INFO ] 2025-12-31 14:16:41.139 [main] Log4jManager - waited for 2 seconds
[INFO ] 2025-12-31 14:16:41.141 [main] Log4jManager - User cliked Sortable Button
[INFO ] 2025-12-31 14:16:41.403 [main] Log4jManager - waited for 2 seconds
[INFO ] 2025-12-31 14:16:41.405 [main] Log4jManager - User click Sortable Button
[INFO ] 2025-12-31 14:16:42.166 [main] Log4jManager - waited for 1 seconds
[INFO ] 2025-12-31 14:16:42.167 [main] Log4jManager - Driver switched to iframe driver
[INFO ] 2025-12-31 14:16:42.432 [main] Log4jManager - waited for 1 seconds
[INFO ] 2025-12-31 14:16:42.432 [main] Log4jManager - Driver switched to iframe driver
[INFO ] 2025-12-31 14:16:44.483 [main] Log4jManager - waited for 2 seconds
[INFO ] 2025-12-31 14:16:44.485 [main] Log4jManager - User dragged the selected sections to target area
[INFO ] 2025-12-31 14:16:44.518 [main] Log4jManager - verify the actual section: Section 2with expected section: Section 2
[INFO ] 2025-12-31 14:16:44.519 [main] Log4jManager - Test Case: TestCase05 on [SortingAccordionSectionsTest passed=0 failed=0 skipped=0] Passed
[INFO ] 2025-12-31 14:16:47.716 [main] Log4jManager - waited for 5 seconds
[INFO ] 2025-12-31 14:16:47.723 [main] Log4jManager - User sort the list of item
[INFO ] 2025-12-31 14:16:47.767 [main] Log4jManager - verify the actual item: Item 1with expected item: Item 1
[INFO ] 2025-12-31 14:16:47.768 [main] Log4jManager - Test Case: TestCase04 on [SortItemsTest passed=0 failed=0 skipped=0] Passed
[INFO ] 2025-12-31 14:19:13.438 [main] Log4jManager - Successfully Initiated Firefox Driver
[INFO ] 2025-12-31 14:19:13.453 [main] Log4jManager - Successfully Initiated Firefox Driver
[INFO ] 2025-12-31 14:19:14.368 [main] Log4jManager - Test Case: TestCase01 on [DragAndDropTest passed=0 failed=0 skipped=0] Started
[INFO ] 2025-12-31 14:19:14.517 [main] Log4jManager - Test Case: TestCase06 on [AutocompleteTest passed=0 failed=0 skipped=0] Started
[INFO ] 2025-12-31 14:19:17.263 [main] Log4jManager - waited for 2 seconds
[INFO ] 2025-12-31 14:19:17.265 [main] Log4jManager - User click Droppable Button
[INFO ] 2025-12-31 14:19:17.485 [main] Log4jManager - waited for 2 seconds
[INFO ] 2025-12-31 14:19:17.486 [main] Log4jManager - User click Autocomplete Button
[INFO ] 2025-12-31 14:19:18.287 [main] Log4jManager - waited for 1 seconds
[INFO ] 2025-12-31 14:19:18.288 [main] Log4jManager - driver switched to iframe driver
[INFO ] 2025-12-31 14:19:18.506 [main] Log4jManager - waited for 1 seconds
[INFO ] 2025-12-31 14:19:18.507 [main] Log4jManager - Driver switched to iframe driver
[INFO ] 2025-12-31 14:19:20.654 [main] Log4jManager - waited for 2 seconds
[INFO ] 2025-12-31 14:19:20.654 [main] Log4jManager - User draged the box to the target box
[INFO ] 2025-12-31 14:19:20.673 [main] Log4jManager - Verified theBy.xpath: //p[text()='Dropped!'] with Dropped!
[INFO ] 2025-12-31 14:19:20.675 [main] Log4jManager - Test Case: TestCase01 on [DragAndDropTest passed=0 failed=0 skipped=0] Passed
[INFO ] 2025-12-31 14:19:20.975 [main] Log4jManager - waited for 2 seconds
[INFO ] 2025-12-31 14:19:20.975 [main] Log4jManager - User clicked auto displayed option
[INFO ] 2025-12-31 14:19:23.596 [main] Log4jManager - Successfully Initiated Firefox Driver
[INFO ] 2025-12-31 14:19:23.994 [main] Log4jManager - waited for 3 seconds
[INFO ] 2025-12-31 14:19:24.006 [main] Log4jManager - verifying actual attribute: ui-id-2 with expected attribute: ui-id-2
[INFO ] 2025-12-31 14:19:24.011 [main] Log4jManager - Test Case: TestCase06 on [AutocompleteTest passed=0 failed=0 skipped=0] Passed
[INFO ] 2025-12-31 14:19:24.308 [main] Log4jManager - Test Case: TestCase02 on [ResizeSelectItemTest passed=0 failed=0 skipped=0] Started
[INFO ] 2025-12-31 14:19:26.651 [main] Log4jManager - Successfully Initiated Firefox Driver
[INFO ] 2025-12-31 14:19:26.990 [main] Log4jManager - waited for 2 seconds
[INFO ] 2025-12-31 14:19:27.005 [main] Log4jManager - User click Resizable Button
[INFO ] 2025-12-31 14:19:27.335 [main] Log4jManager - Test Case: TestCase07 on [CheckBoxRadioTest passed=0 failed=0 skipped=0] Started
[INFO ] 2025-12-31 14:19:28.045 [main] Log4jManager - waited for 1 seconds
[INFO ] 2025-12-31 14:19:28.045 [main] Log4jManager - driver switched to iframe driver
[INFO ] 2025-12-31 14:19:30.014 [main] Log4jManager - waited for 2 seconds
[INFO ] 2025-12-31 14:19:30.016 [main] Log4jManager - User click Checkboxradio Button
[INFO ] 2025-12-31 14:19:31.043 [main] Log4jManager - waited for 1 seconds
[INFO ] 2025-12-31 14:19:31.045 [main] Log4jManager - Driver switched to iframe driver
[INFO ] 2025-12-31 14:19:32.072 [main] Log4jManager - waited for 1 seconds
[INFO ] 2025-12-31 14:19:32.073 [main] Log4jManager - User scrolled down the selection section
[INFO ] 2025-12-31 14:19:32.767 [main] Log4jManager - waited for 1 seconds
[INFO ] 2025-12-31 14:19:32.768 [main] Log4jManager - User resized the selected box
[INFO ] 2025-12-31 14:19:32.794 [main] Log4jManager - verifying actual attribute: width: 250px; height: 250px; with expected attribute: width: 250px; height: 250px;
[INFO ] 2025-12-31 14:19:32.795 [main] Log4jManager - Test Case: TestCase02 on [ResizeSelectItemTest passed=0 failed=0 skipped=0] Passed
[INFO ] 2025-12-31 14:19:33.652 [main] Log4jManager - waited for 1 seconds
[INFO ] 2025-12-31 14:19:33.652 [main] Log4jManager - User clicked the location of the hotel
[INFO ] 2025-12-31 14:19:35.142 [main] Log4jManager - Successfully Initiated Firefox Driver
[INFO ] 2025-12-31 14:19:35.239 [main] Log4jManager - waited for 1 seconds
[INFO ] 2025-12-31 14:19:35.240 [main] Log4jManager - User clicked the rating of the hotel
[INFO ] 2025-12-31 14:19:35.826 [main] Log4jManager - Test Case: TestCase03 on [SelectItemTest passed=0 failed=0 skipped=0] Started
[INFO ] 2025-12-31 14:19:37.833 [main] Log4jManager - waited for 2 seconds
[INFO ] 2025-12-31 14:19:38.329 [main] Log4jManager - waited for 2 seconds
[INFO ] 2025-12-31 14:19:38.331 [main] Log4jManager - User click Selectable Button
[INFO ] 2025-12-31 14:19:38.933 [main] Log4jManager - waited for 1 seconds
[INFO ] 2025-12-31 14:19:38.933 [main] Log4jManager - User clicked multiple options for bed type
[INFO ] 2025-12-31 14:19:40.394 [main] Log4jManager - waited for 2 seconds
[INFO ] 2025-12-31 14:19:40.403 [main] Log4jManager - User cliked Serialize Button
[INFO ] 2025-12-31 14:19:41.437 [main] Log4jManager - waited for 1 seconds
[INFO ] 2025-12-31 14:19:41.438 [main] Log4jManager - Driver switched to iframe driver
[INFO ] 2025-12-31 14:19:41.956 [main] Log4jManager - waited for 3 seconds
[INFO ] 2025-12-31 14:19:41.964 [main] Log4jManager - verifying actual attribute: ui-checkboxradio-icon ui-corner-all ui-icon ui-icon-background ui-icon-blank with expected attribute: ui-checkboxradio-icon ui-corner-all ui-icon ui-icon-background ui-icon-blank
[INFO ] 2025-12-31 14:19:41.973 [main] Log4jManager - Test Case: TestCase07 on [CheckBoxRadioTest passed=0 failed=0 skipped=0] Passed
[INFO ] 2025-12-31 14:19:43.705 [main] Log4jManager - waited for 2 seconds
[INFO ] 2025-12-31 14:19:43.711 [main] Log4jManager - User selected an item
[INFO ] 2025-12-31 14:19:43.754 [main] Log4jManager - Verified theBy.id: select-result with #2 #3 #4
[INFO ] 2025-12-31 14:19:43.755 [main] Log4jManager - Test Case: TestCase03 on [SelectItemTest passed=0 failed=0 skipped=0] Passed
[INFO ] 2025-12-31 14:19:44.605 [main] Log4jManager - Successfully Initiated Firefox Driver
[INFO ] 2025-12-31 14:19:45.317 [main] Log4jManager - Test Case: TestCase05 on [SortingAccordionSectionsTest passed=0 failed=0 skipped=0] Started
[INFO ] 2025-12-31 14:19:46.403 [main] Log4jManager - Successfully Initiated Firefox Driver
[INFO ] 2025-12-31 14:19:47.048 [main] Log4jManager - Test Case: TestCase04 on [SortItemsTest passed=0 failed=0 skipped=0] Started
[INFO ] 2025-12-31 14:19:48.084 [main] Log4jManager - waited for 2 seconds
[INFO ] 2025-12-31 14:19:48.086 [main] Log4jManager - User click Accordion Button
[INFO ] 2025-12-31 14:19:49.798 [main] Log4jManager - waited for 2 seconds
[INFO ] 2025-12-31 14:19:49.799 [main] Log4jManager - User click Sortable Button
[INFO ] 2025-12-31 14:19:50.146 [main] Log4jManager - waited for 2 seconds
[INFO ] 2025-12-31 14:19:50.147 [main] Log4jManager - User cliked Sortable Button
[INFO ] 2025-12-31 14:19:50.815 [main] Log4jManager - waited for 1 seconds
[INFO ] 2025-12-31 14:19:50.816 [main] Log4jManager - Driver switched to iframe driver
[INFO ] 2025-12-31 14:19:51.156 [main] Log4jManager - waited for 1 seconds
[INFO ] 2025-12-31 14:19:51.157 [main] Log4jManager - Driver switched to iframe driver
[INFO ] 2025-12-31 14:19:53.450 [main] Log4jManager - waited for 2 seconds
[INFO ] 2025-12-31 14:19:53.451 [main] Log4jManager - User dragged the selected sections to target area
[INFO ] 2025-12-31 14:19:53.475 [main] Log4jManager - verify the actual section: Section 2with expected section: Section 2
[INFO ] 2025-12-31 14:19:53.476 [main] Log4jManager - Test Case: TestCase05 on [SortingAccordionSectionsTest passed=0 failed=0 skipped=0] Passed
[INFO ] 2025-12-31 14:19:56.081 [main] Log4jManager - waited for 5 seconds
[INFO ] 2025-12-31 14:19:56.083 [main] Log4jManager - User sort the list of item
[INFO ] 2025-12-31 14:19:56.126 [main] Log4jManager - verify the actual item: Item 1with expected item: Item 1
[INFO ] 2025-12-31 14:19:56.126 [main] Log4jManager - Test Case: TestCase04 on [SortItemsTest passed=0 failed=0 skipped=0] Passed
